<?xml version="1.0" encoding="UTF-8"?>
<testsuite errors="109" failures="2" name="job-2022-10-28T20.56-adc8195" skipped="0" tests="233" time="409.746" timestamp="2022-10-28T21:04:02.697216">
	<testcase classname="&lt;unknown&gt;" name="001-tests/system_base/util-linux/tc_ag_util-linux-user_chfn_fun_001.py:Test.test" time="19.147"/>
	<testcase classname="&lt;unknown&gt;" name="002-tests/system_base/util-linux/tc_ag_util-linux-user_chfn_fun_002.py:Test.test" time="11.924"/>
	<testcase classname="&lt;unknown&gt;" name="003-tests/system_base/util-linux/tc_ag_util-linux-user_chfn_fun_003.py:Test.test" time="14.509"/>
	<testcase classname="&lt;unknown&gt;" name="004-tests/system_base/util-linux/tc_ag_util-linux-user_chfn_fun_004.py:Test.test" time="12.771"/>
	<testcase classname="&lt;unknown&gt;" name="005-tests/system_base/util-linux/tc_ag_util-linux-user_chsh_fun_001.py:Test.test" time="5.498"/>
	<testcase classname="&lt;unknown&gt;" name="006-tests/system_base/util-linux/tc_ag_util-linux-user_chsh_fun_002.py:Test.test" time="5.409"/>
	<testcase classname="&lt;unknown&gt;" name="007-tests/system_base/util-linux/tc_ag_util-linux-user_chsh_fun_003.py:Test.test" time="13.832"/>
	<testcase classname="&lt;unknown&gt;" name="008-tests/system_base/util-linux/tc_ag_util-linux-user_chsh_fun_004.py:Test.test" time="1.538"/>
	<testcase classname="&lt;unknown&gt;" name="009-tests/system_base/util-linux/tc_ag_util-linux_addpart_fun_001.py:Test.test" time="1.614">
		<error message="Command 'addpart {{device}} {{partition}} {{start}} {{length}}' failed.
stdout: b''
stderr: b'addpart: cannot open {{device}}: No such file or directory\n'
additional_info: None" type="&lt;unknown&gt;">
<![CDATA[<unknown>]]>		</error>
		<system-out>
<![CDATA[[stdlog] 2022-10-28 20:57:30,830 avocado.test INFO | INIT 1-tests/system_base/util-linux/tc_ag_util-linux_addpart_fun_001.py:Test.test
[stdlog] 2022-10-28 20:57:30,831 avocado.test DEBUG| PARAMS (key=timeout, path=*, default=None) => None
[stdlog] 2022-10-28 20:57:30,831 avocado.test DEBUG| Test metadata:
[stdlog] 2022-10-28 20:57:30,831 avocado.test DEBUG|   filename: /root/GitRepo/anolis-pkg-tests/tests/system_base/util-linux/tc_ag_util-linux_addpart_fun_001.py
[stdlog] 2022-10-28 20:57:30,831 avocado.test DEBUG|   teststmpdir: /var/tmp/avocado_cmoau920
[stdlog] 2022-10-28 20:57:30,832 avocado.test INFO | START 1-tests/system_base/util-linux/tc_ag_util-linux_addpart_fun_001.py:Test.test
[stdlog] 2022-10-28 20:57:30,832 avocado.test INFO | setup
[stdlog] 2022-10-28 20:57:30,832 avocado.test DEBUG| PARAMS (key=remote, path=*, default=None) => None
[stdlog] 2022-10-28 20:57:30,832 avocado.utils.process INFO | Running 'rpm -q util-linux'
[stdlog] 2022-10-28 20:57:30,840 avocado.utils.process DEBUG| [stdout] util-linux-2.32.1-35.0.1.an8.x86_64
[stdlog] 2022-10-28 20:57:30,841 avocado.utils.process INFO | Command 'rpm -q util-linux' finished with 0 after 0.007847498s
[stdlog] 2022-10-28 20:57:30,841 avocado.utils.process INFO | Running 'yum update util-linux -y'
[stdlog] 2022-10-28 20:57:31,126 avocado.utils.process DEBUG| [stdout] Last metadata expiration check: 2:39:59 ago on Fri 28 Oct 2022 06:17:32 PM CST.
[stdlog] 2022-10-28 20:57:31,393 avocado.utils.process DEBUG| [stdout] Dependencies resolved.
[stdlog] 2022-10-28 20:57:31,394 avocado.utils.process DEBUG| [stdout] Nothing to do.
[stdlog] 2022-10-28 20:57:31,394 avocado.utils.process DEBUG| [stdout] Complete!
[stdlog] 2022-10-28 20:57:31,732 avocado.utils.process INFO | Command 'yum update util-linux -y' finished with 0 after 0.890481739s
[stdlog] 2022-10-28 20:57:31,733 avocado.utils.process INFO | Running 'addpart {{device}} {{partition}} {{start}} {{length}}'
[stdlog] 2022-10-28 20:57:31,758 avocado.utils.process INFO | Command 'addpart {{device}} {{partition}} {{start}} {{length}}' finished with 1 after 0.024037517s
[stdlog] 2022-10-28 20:57:31,758 avocado.utils.process DEBUG| [stderr] addpart: cannot open {{device}}: No such file or directory
[stdlog] 2022-10-28 20:57:31,758 avocado.test ERROR| 
[stdlog] 2022-10-28 20:57:31,758 avocado.test ERROR| Reproduced traceback from: /usr/local/lib/python3.6/site-packages/avocado/core/test.py:761
[stdlog] 2022-10-28 20:57:31,790 avocado.test ERROR| Traceback (most recent call last):
[stdlog] 2022-10-28 20:57:31,791 avocado.test ERROR|   File "/root/GitRepo/anolis-pkg-tests/tests/system_base/util-linux/tc_ag_util-linux_addpart_fun_001.py", line 27, in test
[stdlog] 2022-10-28 20:57:31,791 avocado.test ERROR|     ret_c, ret_o = self.cmd("addpart {{device}} {{partition}} {{start}} {{length}}")
[stdlog] 2022-10-28 20:57:31,791 avocado.test ERROR|   File "/root/GitRepo/anolis-pkg-tests/tests/common/basetest.py", line 54, in cmd
[stdlog] 2022-10-28 20:57:31,791 avocado.test ERROR|     return self.local.cmd(command, ignore_status=ignore_status)
[stdlog] 2022-10-28 20:57:31,791 avocado.test ERROR|   File "/root/GitRepo/anolis-pkg-tests/tests/common/hosts.py", line 45, in cmd
[stdlog] 2022-10-28 20:57:31,791 avocado.test ERROR|     result = process.run(command, ignore_status=ignore_status, shell=True)
[stdlog] 2022-10-28 20:57:31,791 avocado.test ERROR|   File "/usr/local/lib/python3.6/site-packages/avocado/utils/process.py", line 1015, in run
[stdlog] 2022-10-28 20:57:31,791 avocado.test ERROR|     raise CmdError(cmd, sp.result)
[stdlog] 2022-10-28 20:57:31,791 avocado.test ERROR| avocado.utils.process.CmdError: Command 'addpart {{device}} {{partition}} {{start}} {{length}}' failed.
[stdlog] 2022-10-28 20:57:31,791 avocado.test ERROR| stdout: b''
[stdlog] 2022-10-28 20:57:31,791 avocado.test ERROR| stderr: b'addpart: cannot open {{device}}: No such file or directory\n'
[stdlog] 2022-10-28 20:57:31,791 avocado.test ERROR| additional_info: None
[stdlog] 2022-10-28 20:57:31,791 avocado.test ERROR| 
[stdlog] 2022-10-28 20:57:31,791 avocado.test DEBUG| Local variables:
[stdlog] 2022-10-28 20:57:31,825 avocado.test DEBUG|  -> self <class 'tc_ag_util-linux_addpart_fun_001.Test'>: 1-tests/system_base/util-linux/tc_ag_util-linux_addpart_fun_001.py:Test.test
[stdlog] 2022-10-28 20:57:31,825 avocado.test INFO | teardown
[stdlog] 2022-10-28 20:57:31,825 avocado.utils.process INFO | Running 'yum erase  -y'
[stdlog] 2022-10-28 20:57:32,113 avocado.utils.process DEBUG| [stderr] No packages marked for removal.
[stdlog] 2022-10-28 20:57:32,120 avocado.utils.process DEBUG| [stdout] Dependencies resolved.
[stdlog] 2022-10-28 20:57:32,121 avocado.utils.process DEBUG| [stdout] Nothing to do.
[stdlog] 2022-10-28 20:57:32,121 avocado.utils.process DEBUG| [stdout] Complete!
[stdlog] 2022-10-28 20:57:32,437 avocado.utils.process INFO | Command 'yum erase  -y' finished with 0 after 0.610904382s
[stdlog] 2022-10-28 20:57:32,438 avocado.test ERROR| Traceback (most recent call last):
[stdlog] 2022-10-28 20:57:32,438 avocado.test ERROR|   File "/usr/local/lib/python3.6/site-packages/avocado/core/test.py", line 796, in _run_avocado
[stdlog]     raise test_exception
[stdlog] 2022-10-28 20:57:32,438 avocado.test ERROR|   File "/usr/local/lib/python3.6/site-packages/avocado/core/test.py", line 756, in _run_avocado
[stdlog]     testMethod()
[stdlog] 2022-10-28 20:57:32,438 avocado.test ERROR|   File "/root/GitRepo/anolis-pkg-tests/tests/system_base/util-linux/tc_ag_util-linux_addpart_fun_001.py", line 27, in test
[stdlog]     ret_c, ret_o = self.cmd("addpart {{device}} {{partition}} {{start}} {{length}}")
[stdlog] 2022-10-28 20:57:32,438 avocado.test ERROR|   File "/root/GitRepo/anolis-pkg-tests/tests/common/basetest.py", line 54, in cmd
[stdlog]     return self.local.cmd(command, ignore_status=ignore_status)
[stdlog] 2022-10-28 20:57:32,438 avocado.test ERROR|   File "/root/GitRepo/anolis-pkg-tests/tests/common/hosts.py", line 45, in cmd
[stdlog]     result = process.run(command, ignore_status=ignore_status, shell=True)
[stdlog] 2022-10-28 20:57:32,438 avocado.test ERROR|   File "/usr/local/lib/python3.6/site-packages/avocado/utils/process.py", line 1015, in run
[stdlog]     raise CmdError(cmd, sp.result)
[stdlog] 2022-10-28 20:57:32,438 avocado.test ERROR| avocado.utils.process.CmdError: Command 'addpart {{device}} {{partition}} {{start}} {{length}}' failed.
[stdlog] stdout: b''
[stdlog] stderr: b'addpart: cannot open {{device}}: No such file or directory\n'
[stdlog] additional_info: None
[stdlog] 2022-10-28 20:57:32,438 avocado.test ERROR| ERROR 1-tests/system_base/util-linux/tc_ag_util-linux_addpart_fun_001.py:Test.test -> CmdError: Command 'addpart {{device}} {{partition}} {{start}} {{length}}' failed.
[stdlog] stdout: b''
[stdlog] stderr: b'addpart: cannot open {{device}}: No such file or directory\n'
[stdlog] additional_info: None
[stdlog] 2022-10-28 20:57:32,438 avocado.test INFO | 
]]>		</system-out>
	</testcase>
	<testcase classname="&lt;unknown&gt;" name="010-tests/system_base/util-linux/tc_ag_util-linux_blkdiscard_fun_001.py:Test.test" time="1.500">
		<error message="Command 'blkdiscard /dev/{{device}}' failed.
stdout: b''
stderr: b'blkdiscard: cannot open /dev/{{device}}: No such file or directory\n'
additional_info: None" type="&lt;unknown&gt;">
<![CDATA[<unknown>]]>		</error>
		<system-out>
<![CDATA[[stdlog] 2022-10-28 20:57:32,967 avocado.test INFO | INIT 1-tests/system_base/util-linux/tc_ag_util-linux_blkdiscard_fun_001.py:Test.test
[stdlog] 2022-10-28 20:57:32,968 avocado.test DEBUG| PARAMS (key=timeout, path=*, default=None) => None
[stdlog] 2022-10-28 20:57:32,968 avocado.test DEBUG| Test metadata:
[stdlog] 2022-10-28 20:57:32,968 avocado.test DEBUG|   filename: /root/GitRepo/anolis-pkg-tests/tests/system_base/util-linux/tc_ag_util-linux_blkdiscard_fun_001.py
[stdlog] 2022-10-28 20:57:32,968 avocado.test DEBUG|   teststmpdir: /var/tmp/avocado_cmoau920
[stdlog] 2022-10-28 20:57:32,969 avocado.test INFO | START 1-tests/system_base/util-linux/tc_ag_util-linux_blkdiscard_fun_001.py:Test.test
[stdlog] 2022-10-28 20:57:32,969 avocado.test INFO | setup
[stdlog] 2022-10-28 20:57:32,969 avocado.test DEBUG| PARAMS (key=remote, path=*, default=None) => None
[stdlog] 2022-10-28 20:57:32,969 avocado.utils.process INFO | Running 'rpm -q util-linux'
[stdlog] 2022-10-28 20:57:32,977 avocado.utils.process DEBUG| [stdout] util-linux-2.32.1-35.0.1.an8.x86_64
[stdlog] 2022-10-28 20:57:32,978 avocado.utils.process INFO | Command 'rpm -q util-linux' finished with 0 after 0.007813138s
[stdlog] 2022-10-28 20:57:32,978 avocado.utils.process INFO | Running 'yum update util-linux -y'
[stdlog] 2022-10-28 20:57:33,263 avocado.utils.process DEBUG| [stdout] Last metadata expiration check: 2:40:01 ago on Fri 28 Oct 2022 06:17:32 PM CST.
[stdlog] 2022-10-28 20:57:33,532 avocado.utils.process DEBUG| [stdout] Dependencies resolved.
[stdlog] 2022-10-28 20:57:33,533 avocado.utils.process DEBUG| [stdout] Nothing to do.
[stdlog] 2022-10-28 20:57:33,533 avocado.utils.process DEBUG| [stdout] Complete!
[stdlog] 2022-10-28 20:57:33,832 avocado.utils.process INFO | Command 'yum update util-linux -y' finished with 0 after 0.853189565s
[stdlog] 2022-10-28 20:57:33,832 avocado.utils.process INFO | Running 'blkdiscard /dev/{{device}}'
[stdlog] 2022-10-28 20:57:33,835 avocado.utils.process INFO | Command 'blkdiscard /dev/{{device}}' finished with 1 after 0.002088196s
[stdlog] 2022-10-28 20:57:33,835 avocado.utils.process DEBUG| [stderr] blkdiscard: cannot open /dev/{{device}}: No such file or directory
[stdlog] 2022-10-28 20:57:33,835 avocado.test ERROR| 
[stdlog] 2022-10-28 20:57:33,835 avocado.test ERROR| Reproduced traceback from: /usr/local/lib/python3.6/site-packages/avocado/core/test.py:761
[stdlog] 2022-10-28 20:57:33,836 avocado.test ERROR| Traceback (most recent call last):
[stdlog] 2022-10-28 20:57:33,836 avocado.test ERROR|   File "/root/GitRepo/anolis-pkg-tests/tests/system_base/util-linux/tc_ag_util-linux_blkdiscard_fun_001.py", line 27, in test
[stdlog] 2022-10-28 20:57:33,836 avocado.test ERROR|     ret_c, ret_o = self.cmd("blkdiscard /dev/{{device}}")
[stdlog] 2022-10-28 20:57:33,836 avocado.test ERROR|   File "/root/GitRepo/anolis-pkg-tests/tests/common/basetest.py", line 54, in cmd
[stdlog] 2022-10-28 20:57:33,836 avocado.test ERROR|     return self.local.cmd(command, ignore_status=ignore_status)
[stdlog] 2022-10-28 20:57:33,836 avocado.test ERROR|   File "/root/GitRepo/anolis-pkg-tests/tests/common/hosts.py", line 45, in cmd
[stdlog] 2022-10-28 20:57:33,836 avocado.test ERROR|     result = process.run(command, ignore_status=ignore_status, shell=True)
[stdlog] 2022-10-28 20:57:33,836 avocado.test ERROR|   File "/usr/local/lib/python3.6/site-packages/avocado/utils/process.py", line 1015, in run
[stdlog] 2022-10-28 20:57:33,836 avocado.test ERROR|     raise CmdError(cmd, sp.result)
[stdlog] 2022-10-28 20:57:33,836 avocado.test ERROR| avocado.utils.process.CmdError: Command 'blkdiscard /dev/{{device}}' failed.
[stdlog] 2022-10-28 20:57:33,836 avocado.test ERROR| stdout: b''
[stdlog] 2022-10-28 20:57:33,836 avocado.test ERROR| stderr: b'blkdiscard: cannot open /dev/{{device}}: No such file or directory\n'
[stdlog] 2022-10-28 20:57:33,836 avocado.test ERROR| additional_info: None
[stdlog] 2022-10-28 20:57:33,837 avocado.test ERROR| 
[stdlog] 2022-10-28 20:57:33,837 avocado.test DEBUG| Local variables:
[stdlog] 2022-10-28 20:57:33,848 avocado.test DEBUG|  -> self <class 'tc_ag_util-linux_blkdiscard_fun_001.Test'>: 1-tests/system_base/util-linux/tc_ag_util-linux_blkdiscard_fun_001.py:Test.test
[stdlog] 2022-10-28 20:57:33,848 avocado.test INFO | teardown
[stdlog] 2022-10-28 20:57:33,849 avocado.utils.process INFO | Running 'yum erase  -y'
[stdlog] 2022-10-28 20:57:34,131 avocado.utils.process DEBUG| [stderr] No packages marked for removal.
[stdlog] 2022-10-28 20:57:34,138 avocado.utils.process DEBUG| [stdout] Dependencies resolved.
[stdlog] 2022-10-28 20:57:34,139 avocado.utils.process DEBUG| [stdout] Nothing to do.
[stdlog] 2022-10-28 20:57:34,139 avocado.utils.process DEBUG| [stdout] Complete!
[stdlog] 2022-10-28 20:57:34,427 avocado.utils.process INFO | Command 'yum erase  -y' finished with 0 after 0.576647682s
[stdlog] 2022-10-28 20:57:34,428 avocado.test ERROR| Traceback (most recent call last):
[stdlog] 2022-10-28 20:57:34,428 avocado.test ERROR|   File "/usr/local/lib/python3.6/site-packages/avocado/core/test.py", line 796, in _run_avocado
[stdlog]     raise test_exception
[stdlog] 2022-10-28 20:57:34,428 avocado.test ERROR|   File "/usr/local/lib/python3.6/site-packages/avocado/core/test.py", line 756, in _run_avocado
[stdlog]     testMethod()
[stdlog] 2022-10-28 20:57:34,428 avocado.test ERROR|   File "/root/GitRepo/anolis-pkg-tests/tests/system_base/util-linux/tc_ag_util-linux_blkdiscard_fun_001.py", line 27, in test
[stdlog]     ret_c, ret_o = self.cmd("blkdiscard /dev/{{device}}")
[stdlog] 2022-10-28 20:57:34,428 avocado.test ERROR|   File "/root/GitRepo/anolis-pkg-tests/tests/common/basetest.py", line 54, in cmd
[stdlog]     return self.local.cmd(command, ignore_status=ignore_status)
[stdlog] 2022-10-28 20:57:34,428 avocado.test ERROR|   File "/root/GitRepo/anolis-pkg-tests/tests/common/hosts.py", line 45, in cmd
[stdlog]     result = process.run(command, ignore_status=ignore_status, shell=True)
[stdlog] 2022-10-28 20:57:34,428 avocado.test ERROR|   File "/usr/local/lib/python3.6/site-packages/avocado/utils/process.py", line 1015, in run
[stdlog]     raise CmdError(cmd, sp.result)
[stdlog] 2022-10-28 20:57:34,428 avocado.test ERROR| avocado.utils.process.CmdError: Command 'blkdiscard /dev/{{device}}' failed.
[stdlog] stdout: b''
[stdlog] stderr: b'blkdiscard: cannot open /dev/{{device}}: No such file or directory\n'
[stdlog] additional_info: None
[stdlog] 2022-10-28 20:57:34,428 avocado.test ERROR| ERROR 1-tests/system_base/util-linux/tc_ag_util-linux_blkdiscard_fun_001.py:Test.test -> CmdError: Command 'blkdiscard /dev/{{device}}' failed.
[stdlog] stdout: b''
[stdlog] stderr: b'blkdiscard: cannot open /dev/{{device}}: No such file or directory\n'
[stdlog] additional_info: None
[stdlog] 2022-10-28 20:57:34,428 avocado.test INFO | 
]]>		</system-out>
	</testcase>
	<testcase classname="&lt;unknown&gt;" name="011-tests/system_base/util-linux/tc_ag_util-linux_blkdiscard_fun_002.py:Test.test" time="1.484">
		<error message="Command 'blkdiscard --secure /dev/{{device}}' failed.
stdout: b''
stderr: b'blkdiscard: cannot open /dev/{{device}}: No such file or directory\n'
additional_info: None" type="&lt;unknown&gt;">
<![CDATA[<unknown>]]>		</error>
		<system-out>
<![CDATA[[stdlog] 2022-10-28 20:57:34,886 avocado.test INFO | INIT 1-tests/system_base/util-linux/tc_ag_util-linux_blkdiscard_fun_002.py:Test.test
[stdlog] 2022-10-28 20:57:34,887 avocado.test DEBUG| PARAMS (key=timeout, path=*, default=None) => None
[stdlog] 2022-10-28 20:57:34,887 avocado.test DEBUG| Test metadata:
[stdlog] 2022-10-28 20:57:34,887 avocado.test DEBUG|   filename: /root/GitRepo/anolis-pkg-tests/tests/system_base/util-linux/tc_ag_util-linux_blkdiscard_fun_002.py
[stdlog] 2022-10-28 20:57:34,887 avocado.test DEBUG|   teststmpdir: /var/tmp/avocado_cmoau920
[stdlog] 2022-10-28 20:57:34,887 avocado.test INFO | START 1-tests/system_base/util-linux/tc_ag_util-linux_blkdiscard_fun_002.py:Test.test
[stdlog] 2022-10-28 20:57:34,888 avocado.test INFO | setup
[stdlog] 2022-10-28 20:57:34,888 avocado.test DEBUG| PARAMS (key=remote, path=*, default=None) => None
[stdlog] 2022-10-28 20:57:34,888 avocado.utils.process INFO | Running 'rpm -q util-linux'
[stdlog] 2022-10-28 20:57:34,896 avocado.utils.process DEBUG| [stdout] util-linux-2.32.1-35.0.1.an8.x86_64
[stdlog] 2022-10-28 20:57:34,897 avocado.utils.process INFO | Command 'rpm -q util-linux' finished with 0 after 0.008019598s
[stdlog] 2022-10-28 20:57:34,897 avocado.utils.process INFO | Running 'yum update util-linux -y'
[stdlog] 2022-10-28 20:57:35,186 avocado.utils.process DEBUG| [stdout] Last metadata expiration check: 2:40:03 ago on Fri 28 Oct 2022 06:17:32 PM CST.
[stdlog] 2022-10-28 20:57:35,459 avocado.utils.process DEBUG| [stdout] Dependencies resolved.
[stdlog] 2022-10-28 20:57:35,460 avocado.utils.process DEBUG| [stdout] Nothing to do.
[stdlog] 2022-10-28 20:57:35,461 avocado.utils.process DEBUG| [stdout] Complete!
[stdlog] 2022-10-28 20:57:35,769 avocado.utils.process INFO | Command 'yum update util-linux -y' finished with 0 after 0.870854601s
[stdlog] 2022-10-28 20:57:35,769 avocado.utils.process INFO | Running 'blkdiscard --secure /dev/{{device}}'
[stdlog] 2022-10-28 20:57:35,771 avocado.utils.process INFO | Command 'blkdiscard --secure /dev/{{device}}' finished with 1 after 0.001498378s
[stdlog] 2022-10-28 20:57:35,772 avocado.utils.process DEBUG| [stderr] blkdiscard: cannot open /dev/{{device}}: No such file or directory
[stdlog] 2022-10-28 20:57:35,772 avocado.test ERROR| 
[stdlog] 2022-10-28 20:57:35,772 avocado.test ERROR| Reproduced traceback from: /usr/local/lib/python3.6/site-packages/avocado/core/test.py:761
[stdlog] 2022-10-28 20:57:35,772 avocado.test ERROR| Traceback (most recent call last):
[stdlog] 2022-10-28 20:57:35,772 avocado.test ERROR|   File "/root/GitRepo/anolis-pkg-tests/tests/system_base/util-linux/tc_ag_util-linux_blkdiscard_fun_002.py", line 27, in test
[stdlog] 2022-10-28 20:57:35,773 avocado.test ERROR|     ret_c, ret_o = self.cmd("blkdiscard --secure /dev/{{device}}")
[stdlog] 2022-10-28 20:57:35,773 avocado.test ERROR|   File "/root/GitRepo/anolis-pkg-tests/tests/common/basetest.py", line 54, in cmd
[stdlog] 2022-10-28 20:57:35,773 avocado.test ERROR|     return self.local.cmd(command, ignore_status=ignore_status)
[stdlog] 2022-10-28 20:57:35,773 avocado.test ERROR|   File "/root/GitRepo/anolis-pkg-tests/tests/common/hosts.py", line 45, in cmd
[stdlog] 2022-10-28 20:57:35,773 avocado.test ERROR|     result = process.run(command, ignore_status=ignore_status, shell=True)
[stdlog] 2022-10-28 20:57:35,773 avocado.test ERROR|   File "/usr/local/lib/python3.6/site-packages/avocado/utils/process.py", line 1015, in run
[stdlog] 2022-10-28 20:57:35,773 avocado.test ERROR|     raise CmdError(cmd, sp.result)
[stdlog] 2022-10-28 20:57:35,773 avocado.test ERROR| avocado.utils.process.CmdError: Command 'blkdiscard --secure /dev/{{device}}' failed.
[stdlog] 2022-10-28 20:57:35,773 avocado.test ERROR| stdout: b''
[stdlog] 2022-10-28 20:57:35,773 avocado.test ERROR| stderr: b'blkdiscard: cannot open /dev/{{device}}: No such file or directory\n'
[stdlog] 2022-10-28 20:57:35,773 avocado.test ERROR| additional_info: None
[stdlog] 2022-10-28 20:57:35,773 avocado.test ERROR| 
[stdlog] 2022-10-28 20:57:35,773 avocado.test DEBUG| Local variables:
[stdlog] 2022-10-28 20:57:35,785 avocado.test DEBUG|  -> self <class 'tc_ag_util-linux_blkdiscard_fun_002.Test'>: 1-tests/system_base/util-linux/tc_ag_util-linux_blkdiscard_fun_002.py:Test.test
[stdlog] 2022-10-28 20:57:35,785 avocado.test INFO | teardown
[stdlog] 2022-10-28 20:57:35,785 avocado.utils.process INFO | Running 'yum erase  -y'
[stdlog] 2022-10-28 20:57:36,070 avocado.utils.process DEBUG| [stderr] No packages marked for removal.
[stdlog] 2022-10-28 20:57:36,077 avocado.utils.process DEBUG| [stdout] Dependencies resolved.
[stdlog] 2022-10-28 20:57:36,078 avocado.utils.process DEBUG| [stdout] Nothing to do.
[stdlog] 2022-10-28 20:57:36,078 avocado.utils.process DEBUG| [stdout] Complete!
[stdlog] 2022-10-28 20:57:36,363 avocado.utils.process INFO | Command 'yum erase  -y' finished with 0 after 0.576633686s
[stdlog] 2022-10-28 20:57:36,363 avocado.test ERROR| Traceback (most recent call last):
[stdlog] 2022-10-28 20:57:36,363 avocado.test ERROR|   File "/usr/local/lib/python3.6/site-packages/avocado/core/test.py", line 796, in _run_avocado
[stdlog]     raise test_exception
[stdlog] 2022-10-28 20:57:36,363 avocado.test ERROR|   File "/usr/local/lib/python3.6/site-packages/avocado/core/test.py", line 756, in _run_avocado
[stdlog]     testMethod()
[stdlog] 2022-10-28 20:57:36,364 avocado.test ERROR|   File "/root/GitRepo/anolis-pkg-tests/tests/system_base/util-linux/tc_ag_util-linux_blkdiscard_fun_002.py", line 27, in test
[stdlog]     ret_c, ret_o = self.cmd("blkdiscard --secure /dev/{{device}}")
[stdlog] 2022-10-28 20:57:36,364 avocado.test ERROR|   File "/root/GitRepo/anolis-pkg-tests/tests/common/basetest.py", line 54, in cmd
[stdlog]     return self.local.cmd(command, ignore_status=ignore_status)
[stdlog] 2022-10-28 20:57:36,364 avocado.test ERROR|   File "/root/GitRepo/anolis-pkg-tests/tests/common/hosts.py", line 45, in cmd
[stdlog]     result = process.run(command, ignore_status=ignore_status, shell=True)
[stdlog] 2022-10-28 20:57:36,364 avocado.test ERROR|   File "/usr/local/lib/python3.6/site-packages/avocado/utils/process.py", line 1015, in run
[stdlog]     raise CmdError(cmd, sp.result)
[stdlog] 2022-10-28 20:57:36,364 avocado.test ERROR| avocado.utils.process.CmdError: Command 'blkdiscard --secure /dev/{{device}}' failed.
[stdlog] stdout: b''
[stdlog] stderr: b'blkdiscard: cannot open /dev/{{device}}: No such file or directory\n'
[stdlog] additional_info: None
[stdlog] 2022-10-28 20:57:36,364 avocado.test ERROR| ERROR 1-tests/system_base/util-linux/tc_ag_util-linux_blkdiscard_fun_002.py:Test.test -> CmdError: Command 'blkdiscard --secure /dev/{{device}}' failed.
[stdlog] stdout: b''
[stdlog] stderr: b'blkdiscard: cannot open /dev/{{device}}: No such file or directory\n'
[stdlog] additional_info: None
[stdlog] 2022-10-28 20:57:36,364 avocado.test INFO | 
]]>		</system-out>
	</testcase>
	<testcase classname="&lt;unknown&gt;" name="012-tests/system_base/util-linux/tc_ag_util-linux_blkdiscard_fun_003.py:Test.test" time="1.651">
		<error message="Command 'blkdiscard --length {{100MB}} /dev/{{device}}' failed.
stdout: b''
stderr: b&quot;blkdiscard: failed to parse length: '{{100MB}}': Invalid argument\n&quot;
additional_info: None" type="&lt;unknown&gt;">
<![CDATA[<unknown>]]>		</error>
		<system-out>
<![CDATA[[stdlog] 2022-10-28 20:57:36,822 avocado.test INFO | INIT 1-tests/system_base/util-linux/tc_ag_util-linux_blkdiscard_fun_003.py:Test.test
[stdlog] 2022-10-28 20:57:36,823 avocado.test DEBUG| PARAMS (key=timeout, path=*, default=None) => None
[stdlog] 2022-10-28 20:57:36,823 avocado.test DEBUG| Test metadata:
[stdlog] 2022-10-28 20:57:36,823 avocado.test DEBUG|   filename: /root/GitRepo/anolis-pkg-tests/tests/system_base/util-linux/tc_ag_util-linux_blkdiscard_fun_003.py
[stdlog] 2022-10-28 20:57:36,824 avocado.test DEBUG|   teststmpdir: /var/tmp/avocado_cmoau920
[stdlog] 2022-10-28 20:57:36,824 avocado.test INFO | START 1-tests/system_base/util-linux/tc_ag_util-linux_blkdiscard_fun_003.py:Test.test
[stdlog] 2022-10-28 20:57:36,824 avocado.test INFO | setup
[stdlog] 2022-10-28 20:57:36,824 avocado.test DEBUG| PARAMS (key=remote, path=*, default=None) => None
[stdlog] 2022-10-28 20:57:36,824 avocado.utils.process INFO | Running 'rpm -q util-linux'
[stdlog] 2022-10-28 20:57:36,832 avocado.utils.process DEBUG| [stdout] util-linux-2.32.1-35.0.1.an8.x86_64
[stdlog] 2022-10-28 20:57:36,832 avocado.utils.process INFO | Command 'rpm -q util-linux' finished with 0 after 0.007261055s
[stdlog] 2022-10-28 20:57:36,832 avocado.utils.process INFO | Running 'yum update util-linux -y'
[stdlog] 2022-10-28 20:57:37,123 avocado.utils.process DEBUG| [stdout] Last metadata expiration check: 2:40:05 ago on Fri 28 Oct 2022 06:17:32 PM CST.
[stdlog] 2022-10-28 20:57:37,400 avocado.utils.process DEBUG| [stdout] Dependencies resolved.
[stdlog] 2022-10-28 20:57:37,401 avocado.utils.process DEBUG| [stdout] Nothing to do.
[stdlog] 2022-10-28 20:57:37,401 avocado.utils.process DEBUG| [stdout] Complete!
[stdlog] 2022-10-28 20:57:37,714 avocado.utils.process INFO | Command 'yum update util-linux -y' finished with 0 after 0.880337628s
[stdlog] 2022-10-28 20:57:37,714 avocado.utils.process INFO | Running 'blkdiscard --length {{100MB}} /dev/{{device}}'
[stdlog] 2022-10-28 20:57:37,716 avocado.utils.process INFO | Command 'blkdiscard --length {{100MB}} /dev/{{device}}' finished with 1 after 0.001424491s
[stdlog] 2022-10-28 20:57:37,716 avocado.utils.process DEBUG| [stderr] blkdiscard: failed to parse length: '{{100MB}}': Invalid argument
[stdlog] 2022-10-28 20:57:37,717 avocado.test ERROR| 
[stdlog] 2022-10-28 20:57:37,717 avocado.test ERROR| Reproduced traceback from: /usr/local/lib/python3.6/site-packages/avocado/core/test.py:761
[stdlog] 2022-10-28 20:57:37,717 avocado.test ERROR| Traceback (most recent call last):
[stdlog] 2022-10-28 20:57:37,717 avocado.test ERROR|   File "/root/GitRepo/anolis-pkg-tests/tests/system_base/util-linux/tc_ag_util-linux_blkdiscard_fun_003.py", line 27, in test
[stdlog] 2022-10-28 20:57:37,717 avocado.test ERROR|     ret_c, ret_o = self.cmd("blkdiscard --length {{100MB}} /dev/{{device}}")
[stdlog] 2022-10-28 20:57:37,717 avocado.test ERROR|   File "/root/GitRepo/anolis-pkg-tests/tests/common/basetest.py", line 54, in cmd
[stdlog] 2022-10-28 20:57:37,717 avocado.test ERROR|     return self.local.cmd(command, ignore_status=ignore_status)
[stdlog] 2022-10-28 20:57:37,717 avocado.test ERROR|   File "/root/GitRepo/anolis-pkg-tests/tests/common/hosts.py", line 45, in cmd
[stdlog] 2022-10-28 20:57:37,717 avocado.test ERROR|     result = process.run(command, ignore_status=ignore_status, shell=True)
[stdlog] 2022-10-28 20:57:37,717 avocado.test ERROR|   File "/usr/local/lib/python3.6/site-packages/avocado/utils/process.py", line 1015, in run
[stdlog] 2022-10-28 20:57:37,718 avocado.test ERROR|     raise CmdError(cmd, sp.result)
[stdlog] 2022-10-28 20:57:37,718 avocado.test ERROR| avocado.utils.process.CmdError: Command 'blkdiscard --length {{100MB}} /dev/{{device}}' failed.
[stdlog] 2022-10-28 20:57:37,718 avocado.test ERROR| stdout: b''
[stdlog] 2022-10-28 20:57:37,718 avocado.test ERROR| stderr: b"blkdiscard: failed to parse length: '{{100MB}}': Invalid argument\n"
[stdlog] 2022-10-28 20:57:37,718 avocado.test ERROR| additional_info: None
[stdlog] 2022-10-28 20:57:37,718 avocado.test ERROR| 
[stdlog] 2022-10-28 20:57:37,718 avocado.test DEBUG| Local variables:
[stdlog] 2022-10-28 20:57:37,730 avocado.test DEBUG|  -> self <class 'tc_ag_util-linux_blkdiscard_fun_003.Test'>: 1-tests/system_base/util-linux/tc_ag_util-linux_blkdiscard_fun_003.py:Test.test
[stdlog] 2022-10-28 20:57:37,730 avocado.test INFO | teardown
[stdlog] 2022-10-28 20:57:37,730 avocado.utils.process INFO | Running 'yum erase  -y'
[stdlog] 2022-10-28 20:57:38,021 avocado.utils.process DEBUG| [stderr] No packages marked for removal.
[stdlog] 2022-10-28 20:57:38,028 avocado.utils.process DEBUG| [stdout] Dependencies resolved.
[stdlog] 2022-10-28 20:57:38,029 avocado.utils.process DEBUG| [stdout] Nothing to do.
[stdlog] 2022-10-28 20:57:38,029 avocado.utils.process DEBUG| [stdout] Complete!
[stdlog] 2022-10-28 20:57:38,466 avocado.utils.process INFO | Command 'yum erase  -y' finished with 0 after 0.734308135s
[stdlog] 2022-10-28 20:57:38,466 avocado.test ERROR| Traceback (most recent call last):
[stdlog] 2022-10-28 20:57:38,466 avocado.test ERROR|   File "/usr/local/lib/python3.6/site-packages/avocado/core/test.py", line 796, in _run_avocado
[stdlog]     raise test_exception
[stdlog] 2022-10-28 20:57:38,466 avocado.test ERROR|   File "/usr/local/lib/python3.6/site-packages/avocado/core/test.py", line 756, in _run_avocado
[stdlog]     testMethod()
[stdlog] 2022-10-28 20:57:38,466 avocado.test ERROR|   File "/root/GitRepo/anolis-pkg-tests/tests/system_base/util-linux/tc_ag_util-linux_blkdiscard_fun_003.py", line 27, in test
[stdlog]     ret_c, ret_o = self.cmd("blkdiscard --length {{100MB}} /dev/{{device}}")
[stdlog] 2022-10-28 20:57:38,466 avocado.test ERROR|   File "/root/GitRepo/anolis-pkg-tests/tests/common/basetest.py", line 54, in cmd
[stdlog]     return self.local.cmd(command, ignore_status=ignore_status)
[stdlog] 2022-10-28 20:57:38,466 avocado.test ERROR|   File "/root/GitRepo/anolis-pkg-tests/tests/common/hosts.py", line 45, in cmd
[stdlog]     result = process.run(command, ignore_status=ignore_status, shell=True)
[stdlog] 2022-10-28 20:57:38,466 avocado.test ERROR|   File "/usr/local/lib/python3.6/site-packages/avocado/utils/process.py", line 1015, in run
[stdlog]     raise CmdError(cmd, sp.result)
[stdlog] 2022-10-28 20:57:38,466 avocado.test ERROR| avocado.utils.process.CmdError: Command 'blkdiscard --length {{100MB}} /dev/{{device}}' failed.
[stdlog] stdout: b''
[stdlog] stderr: b"blkdiscard: failed to parse length: '{{100MB}}': Invalid argument\n"
[stdlog] additional_info: None
[stdlog] 2022-10-28 20:57:38,466 avocado.test ERROR| ERROR 1-tests/system_base/util-linux/tc_ag_util-linux_blkdiscard_fun_003.py:Test.test -> CmdError: Command 'blkdiscard --length {{100MB}} /dev/{{device}}' failed.
[stdlog] stdout: b''
[stdlog] stderr: b"blkdiscard: failed to parse length: '{{100MB}}': Invalid argument\n"
[stdlog] additional_info: None
[stdlog] 2022-10-28 20:57:38,467 avocado.test INFO | 
]]>		</system-out>
	</testcase>
	<testcase classname="&lt;unknown&gt;" name="013-tests/system_base/util-linux/tc_ag_util-linux_blkid_fun_001.py:Test.test" time="1.733"/>
	<testcase classname="&lt;unknown&gt;" name="014-tests/system_base/util-linux/tc_ag_util-linux_blkid_fun_002.py:Test.test" time="1.587"/>
	<testcase classname="&lt;unknown&gt;" name="015-tests/system_base/util-linux/tc_ag_util-linux_cal_fun_001.py:Test.test" time="1.572"/>
	<testcase classname="&lt;unknown&gt;" name="016-tests/system_base/util-linux/tc_ag_util-linux_cal_fun_002.py:Test.test" time="1.533"/>
	<testcase classname="&lt;unknown&gt;" name="017-tests/system_base/util-linux/tc_ag_util-linux_cal_fun_003.py:Test.test" time="1.457"/>
	<testcase classname="&lt;unknown&gt;" name="018-tests/system_base/util-linux/tc_ag_util-linux_cal_fun_004.py:Test.test" time="1.486"/>
	<testcase classname="&lt;unknown&gt;" name="019-tests/system_base/util-linux/tc_ag_util-linux_cal_fun_005.py:Test.test" time="1.493"/>
	<testcase classname="&lt;unknown&gt;" name="020-tests/system_base/util-linux/tc_ag_util-linux_chcpu_fun_001.py:Test.test" time="1.477">
		<error message="Command 'chcpu -e 1,3' failed.
stdout: b''
stderr: b'chcpu: CPU 1 does not exist\nchcpu: CPU 3 does not exist\n'
additional_info: None" type="&lt;unknown&gt;">
<![CDATA[<unknown>]]>		</error>
		<system-out>
<![CDATA[[stdlog] 2022-10-28 20:57:48,884 avocado.test INFO | INIT 1-tests/system_base/util-linux/tc_ag_util-linux_chcpu_fun_001.py:Test.test
[stdlog] 2022-10-28 20:57:48,884 avocado.test DEBUG| PARAMS (key=timeout, path=*, default=None) => None
[stdlog] 2022-10-28 20:57:48,884 avocado.test DEBUG| Test metadata:
[stdlog] 2022-10-28 20:57:48,885 avocado.test DEBUG|   filename: /root/GitRepo/anolis-pkg-tests/tests/system_base/util-linux/tc_ag_util-linux_chcpu_fun_001.py
[stdlog] 2022-10-28 20:57:48,885 avocado.test DEBUG|   teststmpdir: /var/tmp/avocado_cmoau920
[stdlog] 2022-10-28 20:57:48,885 avocado.test INFO | START 1-tests/system_base/util-linux/tc_ag_util-linux_chcpu_fun_001.py:Test.test
[stdlog] 2022-10-28 20:57:48,885 avocado.test INFO | setup
[stdlog] 2022-10-28 20:57:48,885 avocado.test DEBUG| PARAMS (key=remote, path=*, default=None) => None
[stdlog] 2022-10-28 20:57:48,885 avocado.utils.process INFO | Running 'rpm -q util-linux'
[stdlog] 2022-10-28 20:57:48,893 avocado.utils.process DEBUG| [stdout] util-linux-2.32.1-35.0.1.an8.x86_64
[stdlog] 2022-10-28 20:57:48,893 avocado.utils.process INFO | Command 'rpm -q util-linux' finished with 0 after 0.007149405s
[stdlog] 2022-10-28 20:57:48,894 avocado.utils.process INFO | Running 'yum update util-linux -y'
[stdlog] 2022-10-28 20:57:49,185 avocado.utils.process DEBUG| [stdout] Last metadata expiration check: 2:40:17 ago on Fri 28 Oct 2022 06:17:32 PM CST.
[stdlog] 2022-10-28 20:57:49,469 avocado.utils.process DEBUG| [stdout] Dependencies resolved.
[stdlog] 2022-10-28 20:57:49,471 avocado.utils.process DEBUG| [stdout] Nothing to do.
[stdlog] 2022-10-28 20:57:49,471 avocado.utils.process DEBUG| [stdout] Complete!
[stdlog] 2022-10-28 20:57:49,775 avocado.utils.process INFO | Command 'yum update util-linux -y' finished with 0 after 0.880841996s
[stdlog] 2022-10-28 20:57:49,775 avocado.utils.process INFO | Running 'chcpu -e 1,3'
[stdlog] 2022-10-28 20:57:49,778 avocado.utils.process INFO | Command 'chcpu -e 1,3' finished with 64 after 0.001925346s
[stdlog] 2022-10-28 20:57:49,778 avocado.utils.process DEBUG| [stderr] chcpu: CPU 1 does not exist
[stdlog] 2022-10-28 20:57:49,779 avocado.utils.process DEBUG| [stderr] chcpu: CPU 3 does not exist
[stdlog] 2022-10-28 20:57:49,779 avocado.test ERROR| 
[stdlog] 2022-10-28 20:57:49,779 avocado.test ERROR| Reproduced traceback from: /usr/local/lib/python3.6/site-packages/avocado/core/test.py:761
[stdlog] 2022-10-28 20:57:49,779 avocado.test ERROR| Traceback (most recent call last):
[stdlog] 2022-10-28 20:57:49,779 avocado.test ERROR|   File "/root/GitRepo/anolis-pkg-tests/tests/system_base/util-linux/tc_ag_util-linux_chcpu_fun_001.py", line 27, in test
[stdlog] 2022-10-28 20:57:49,779 avocado.test ERROR|     self.cmd("chcpu -e 1,3")
[stdlog] 2022-10-28 20:57:49,779 avocado.test ERROR|   File "/root/GitRepo/anolis-pkg-tests/tests/common/basetest.py", line 54, in cmd
[stdlog] 2022-10-28 20:57:49,780 avocado.test ERROR|     return self.local.cmd(command, ignore_status=ignore_status)
[stdlog] 2022-10-28 20:57:49,780 avocado.test ERROR|   File "/root/GitRepo/anolis-pkg-tests/tests/common/hosts.py", line 45, in cmd
[stdlog] 2022-10-28 20:57:49,780 avocado.test ERROR|     result = process.run(command, ignore_status=ignore_status, shell=True)
[stdlog] 2022-10-28 20:57:49,780 avocado.test ERROR|   File "/usr/local/lib/python3.6/site-packages/avocado/utils/process.py", line 1015, in run
[stdlog] 2022-10-28 20:57:49,780 avocado.test ERROR|     raise CmdError(cmd, sp.result)
[stdlog] 2022-10-28 20:57:49,780 avocado.test ERROR| avocado.utils.process.CmdError: Command 'chcpu -e 1,3' failed.
[stdlog] 2022-10-28 20:57:49,780 avocado.test ERROR| stdout: b''
[stdlog] 2022-10-28 20:57:49,780 avocado.test ERROR| stderr: b'chcpu: CPU 1 does not exist\nchcpu: CPU 3 does not exist\n'
[stdlog] 2022-10-28 20:57:49,780 avocado.test ERROR| additional_info: None
[stdlog] 2022-10-28 20:57:49,780 avocado.test ERROR| 
[stdlog] 2022-10-28 20:57:49,780 avocado.test DEBUG| Local variables:
[stdlog] 2022-10-28 20:57:49,792 avocado.test DEBUG|  -> self <class 'tc_ag_util-linux_chcpu_fun_001.Test'>: 1-tests/system_base/util-linux/tc_ag_util-linux_chcpu_fun_001.py:Test.test
[stdlog] 2022-10-28 20:57:49,792 avocado.test INFO | teardown
[stdlog] 2022-10-28 20:57:49,792 avocado.utils.process INFO | Running 'yum erase  -y'
[stdlog] 2022-10-28 20:57:50,080 avocado.utils.process DEBUG| [stderr] No packages marked for removal.
[stdlog] 2022-10-28 20:57:50,087 avocado.utils.process DEBUG| [stdout] Dependencies resolved.
[stdlog] 2022-10-28 20:57:50,088 avocado.utils.process DEBUG| [stdout] Nothing to do.
[stdlog] 2022-10-28 20:57:50,088 avocado.utils.process DEBUG| [stdout] Complete!
[stdlog] 2022-10-28 20:57:50,349 avocado.utils.process INFO | Command 'yum erase  -y' finished with 0 after 0.554925419s
[stdlog] 2022-10-28 20:57:50,349 avocado.utils.process INFO | Running 'chcpu -e 1,3'
[stdlog] 2022-10-28 20:57:50,352 avocado.utils.process INFO | Command 'chcpu -e 1,3' finished with 64 after 0.001740272s
[stdlog] 2022-10-28 20:57:50,352 avocado.utils.process DEBUG| [stderr] chcpu: CPU 1 does not exist
[stdlog] 2022-10-28 20:57:50,352 avocado.utils.process DEBUG| [stderr] chcpu: CPU 3 does not exist
[stdlog] 2022-10-28 20:57:50,353 avocado.test ERROR| 
[stdlog] 2022-10-28 20:57:50,353 avocado.test ERROR| Reproduced traceback from: /usr/local/lib/python3.6/site-packages/avocado/core/test.py:787
[stdlog] 2022-10-28 20:57:50,353 avocado.test ERROR| Traceback (most recent call last):
[stdlog] 2022-10-28 20:57:50,353 avocado.test ERROR|   File "/root/GitRepo/anolis-pkg-tests/tests/system_base/util-linux/tc_ag_util-linux_chcpu_fun_001.py", line 43, in tearDown
[stdlog] 2022-10-28 20:57:50,353 avocado.test ERROR|     self.cmd("chcpu -e 1,3")
[stdlog] 2022-10-28 20:57:50,353 avocado.test ERROR|   File "/root/GitRepo/anolis-pkg-tests/tests/common/basetest.py", line 54, in cmd
[stdlog] 2022-10-28 20:57:50,353 avocado.test ERROR|     return self.local.cmd(command, ignore_status=ignore_status)
[stdlog] 2022-10-28 20:57:50,353 avocado.test ERROR|   File "/root/GitRepo/anolis-pkg-tests/tests/common/hosts.py", line 45, in cmd
[stdlog] 2022-10-28 20:57:50,353 avocado.test ERROR|     result = process.run(command, ignore_status=ignore_status, shell=True)
[stdlog] 2022-10-28 20:57:50,353 avocado.test ERROR|   File "/usr/local/lib/python3.6/site-packages/avocado/utils/process.py", line 1015, in run
[stdlog] 2022-10-28 20:57:50,353 avocado.test ERROR|     raise CmdError(cmd, sp.result)
[stdlog] 2022-10-28 20:57:50,353 avocado.test ERROR| avocado.utils.process.CmdError: Command 'chcpu -e 1,3' failed.
[stdlog] 2022-10-28 20:57:50,353 avocado.test ERROR| stdout: b''
[stdlog] 2022-10-28 20:57:50,353 avocado.test ERROR| stderr: b'chcpu: CPU 1 does not exist\nchcpu: CPU 3 does not exist\n'
[stdlog] 2022-10-28 20:57:50,353 avocado.test ERROR| additional_info: None
[stdlog] 2022-10-28 20:57:50,353 avocado.test ERROR| 
[stdlog] 2022-10-28 20:57:50,354 avocado.test ERROR| Traceback (most recent call last):
[stdlog] 2022-10-28 20:57:50,354 avocado.test ERROR|   File "/usr/local/lib/python3.6/site-packages/avocado/core/test.py", line 796, in _run_avocado
[stdlog]     raise test_exception
[stdlog] 2022-10-28 20:57:50,354 avocado.test ERROR|   File "/usr/local/lib/python3.6/site-packages/avocado/core/test.py", line 756, in _run_avocado
[stdlog]     testMethod()
[stdlog] 2022-10-28 20:57:50,354 avocado.test ERROR|   File "/root/GitRepo/anolis-pkg-tests/tests/system_base/util-linux/tc_ag_util-linux_chcpu_fun_001.py", line 27, in test
[stdlog]     self.cmd("chcpu -e 1,3")
[stdlog] 2022-10-28 20:57:50,354 avocado.test ERROR|   File "/root/GitRepo/anolis-pkg-tests/tests/common/basetest.py", line 54, in cmd
[stdlog]     return self.local.cmd(command, ignore_status=ignore_status)
[stdlog] 2022-10-28 20:57:50,354 avocado.test ERROR|   File "/root/GitRepo/anolis-pkg-tests/tests/common/hosts.py", line 45, in cmd
[stdlog]     result = process.run(command, ignore_status=ignore_status, shell=True)
[stdlog] 2022-10-28 20:57:50,354 avocado.test ERROR|   File "/usr/local/lib/python3.6/site-packages/avocado/utils/process.py", line 1015, in run
[stdlog]     raise CmdError(cmd, sp.result)
[stdlog] 2022-10-28 20:57:50,354 avocado.test ERROR| avocado.utils.process.CmdError: Command 'chcpu -e 1,3' failed.
[stdlog] stdout: b''
[stdlog] stderr: b'chcpu: CPU 1 does not exist\nchcpu: CPU 3 does not exist\n'
[stdlog] additional_info: None
[stdlog] 2022-10-28 20:57:50,354 avocado.test ERROR| ERROR 1-tests/system_base/util-linux/tc_ag_util-linux_chcpu_fun_001.py:Test.test -> CmdError: Command 'chcpu -e 1,3' failed.
[stdlog] stdout: b''
[stdlog] stderr: b'chcpu: CPU 1 does not exist\nchcpu: CPU 3 does not exist\n'
[stdlog] additional_info: None
[stdlog] 2022-10-28 20:57:50,354 avocado.test INFO | 
]]>		</system-out>
	</testcase>
	<testcase classname="&lt;unknown&gt;" name="021-tests/system_base/util-linux/tc_ag_util-linux_chcpu_fun_002.py:Test.test" time="1.924">
		<error message="Command 'chcpu -d 1-10' failed.
stdout: b''
stderr: b'chcpu: CPU 1 does not exist\nchcpu: CPU 2 does not exist\nchcpu: CPU 3 does not exist\nchcpu: CPU 4 does not exist\nchcpu: CPU 5 does not exist\nchcpu: CPU 6 does not exist\nchcpu: CPU 7 does not exist\nchcpu: CPU 8 does not exist\nchcpu: CPU 9 does not exist\nchcpu: CPU 10 does not exist\n'
additional_info: None" type="&lt;unknown&gt;">
<![CDATA[<unknown>]]>		</error>
		<system-out>
<![CDATA[[stdlog] 2022-10-28 20:57:51,434 avocado.test INFO | INIT 1-tests/system_base/util-linux/tc_ag_util-linux_chcpu_fun_002.py:Test.test
[stdlog] 2022-10-28 20:57:51,435 avocado.test DEBUG| PARAMS (key=timeout, path=*, default=None) => None
[stdlog] 2022-10-28 20:57:51,435 avocado.test DEBUG| Test metadata:
[stdlog] 2022-10-28 20:57:51,435 avocado.test DEBUG|   filename: /root/GitRepo/anolis-pkg-tests/tests/system_base/util-linux/tc_ag_util-linux_chcpu_fun_002.py
[stdlog] 2022-10-28 20:57:51,435 avocado.test DEBUG|   teststmpdir: /var/tmp/avocado_cmoau920
[stdlog] 2022-10-28 20:57:51,436 avocado.test INFO | START 1-tests/system_base/util-linux/tc_ag_util-linux_chcpu_fun_002.py:Test.test
[stdlog] 2022-10-28 20:57:51,436 avocado.test INFO | setup
[stdlog] 2022-10-28 20:57:51,436 avocado.test DEBUG| PARAMS (key=remote, path=*, default=None) => None
[stdlog] 2022-10-28 20:57:51,436 avocado.utils.process INFO | Running 'rpm -q util-linux'
[stdlog] 2022-10-28 20:57:51,444 avocado.utils.process DEBUG| [stdout] util-linux-2.32.1-35.0.1.an8.x86_64
[stdlog] 2022-10-28 20:57:51,445 avocado.utils.process INFO | Command 'rpm -q util-linux' finished with 0 after 0.007797637s
[stdlog] 2022-10-28 20:57:51,445 avocado.utils.process INFO | Running 'yum update util-linux -y'
[stdlog] 2022-10-28 20:57:51,727 avocado.utils.process DEBUG| [stdout] Last metadata expiration check: 2:40:19 ago on Fri 28 Oct 2022 06:17:32 PM CST.
[stdlog] 2022-10-28 20:57:51,999 avocado.utils.process DEBUG| [stdout] Dependencies resolved.
[stdlog] 2022-10-28 20:57:52,000 avocado.utils.process DEBUG| [stdout] Nothing to do.
[stdlog] 2022-10-28 20:57:52,000 avocado.utils.process DEBUG| [stdout] Complete!
[stdlog] 2022-10-28 20:57:52,279 avocado.utils.process INFO | Command 'yum update util-linux -y' finished with 0 after 0.833654275s
[stdlog] 2022-10-28 20:57:52,280 avocado.utils.process INFO | Running 'chcpu -d 1-10'
[stdlog] 2022-10-28 20:57:52,282 avocado.utils.process INFO | Command 'chcpu -d 1-10' finished with 64 after 0.001352155s
[stdlog] 2022-10-28 20:57:52,283 avocado.utils.process DEBUG| [stderr] chcpu: CPU 1 does not exist
[stdlog] 2022-10-28 20:57:52,283 avocado.utils.process DEBUG| [stderr] chcpu: CPU 2 does not exist
[stdlog] 2022-10-28 20:57:52,283 avocado.utils.process DEBUG| [stderr] chcpu: CPU 3 does not exist
[stdlog] 2022-10-28 20:57:52,283 avocado.utils.process DEBUG| [stderr] chcpu: CPU 4 does not exist
[stdlog] 2022-10-28 20:57:52,283 avocado.utils.process DEBUG| [stderr] chcpu: CPU 5 does not exist
[stdlog] 2022-10-28 20:57:52,283 avocado.utils.process DEBUG| [stderr] chcpu: CPU 6 does not exist
[stdlog] 2022-10-28 20:57:52,283 avocado.utils.process DEBUG| [stderr] chcpu: CPU 7 does not exist
[stdlog] 2022-10-28 20:57:52,283 avocado.utils.process DEBUG| [stderr] chcpu: CPU 8 does not exist
[stdlog] 2022-10-28 20:57:52,283 avocado.utils.process DEBUG| [stderr] chcpu: CPU 9 does not exist
[stdlog] 2022-10-28 20:57:52,283 avocado.utils.process DEBUG| [stderr] chcpu: CPU 10 does not exist
[stdlog] 2022-10-28 20:57:52,283 avocado.test ERROR| 
[stdlog] 2022-10-28 20:57:52,283 avocado.test ERROR| Reproduced traceback from: /usr/local/lib/python3.6/site-packages/avocado/core/test.py:761
[stdlog] 2022-10-28 20:57:52,284 avocado.test ERROR| Traceback (most recent call last):
[stdlog] 2022-10-28 20:57:52,284 avocado.test ERROR|   File "/root/GitRepo/anolis-pkg-tests/tests/system_base/util-linux/tc_ag_util-linux_chcpu_fun_002.py", line 27, in test
[stdlog] 2022-10-28 20:57:52,284 avocado.test ERROR|     ret_c,ret_o = self.cmd("chcpu -d 1-10")
[stdlog] 2022-10-28 20:57:52,284 avocado.test ERROR|   File "/root/GitRepo/anolis-pkg-tests/tests/common/basetest.py", line 54, in cmd
[stdlog] 2022-10-28 20:57:52,284 avocado.test ERROR|     return self.local.cmd(command, ignore_status=ignore_status)
[stdlog] 2022-10-28 20:57:52,284 avocado.test ERROR|   File "/root/GitRepo/anolis-pkg-tests/tests/common/hosts.py", line 45, in cmd
[stdlog] 2022-10-28 20:57:52,284 avocado.test ERROR|     result = process.run(command, ignore_status=ignore_status, shell=True)
[stdlog] 2022-10-28 20:57:52,284 avocado.test ERROR|   File "/usr/local/lib/python3.6/site-packages/avocado/utils/process.py", line 1015, in run
[stdlog] 2022-10-28 20:57:52,284 avocado.test ERROR|     raise CmdError(cmd, sp.result)
[stdlog] 2022-10-28 20:57:52,284 avocado.test ERROR| avocado.utils.process.CmdError: Command 'chcpu -d 1-10' failed.
[stdlog] 2022-10-28 20:57:52,284 avocado.test ERROR| stdout: b''
[stdlog] 2022-10-28 20:57:52,284 avocado.test ERROR| stderr: b'chcpu: CPU 1 does not exist\nchcpu: CPU 2 does not exist\nchcpu: CPU 3 does not exist\nchcpu: CPU 4 does not exist\nchcpu: CPU 5 does not exist\nchcpu: CPU 6 does not exist\nchcpu: CPU 7 does not exist\nchcpu: CPU 8 does not exist\nchcpu: CPU 9 does not exist\nchcpu: CPU 10 does not exist\n'
[stdlog] 2022-10-28 20:57:52,284 avocado.test ERROR| additional_info: None
[stdlog] 2022-10-28 20:57:52,284 avocado.test ERROR| 
[stdlog] 2022-10-28 20:57:52,284 avocado.test DEBUG| Local variables:
[stdlog] 2022-10-28 20:57:52,296 avocado.test DEBUG|  -> self <class 'tc_ag_util-linux_chcpu_fun_002.Test'>: 1-tests/system_base/util-linux/tc_ag_util-linux_chcpu_fun_002.py:Test.test
[stdlog] 2022-10-28 20:57:52,296 avocado.test INFO | teardown
[stdlog] 2022-10-28 20:57:52,296 avocado.utils.process INFO | Running 'yum erase  -y'
[stdlog] 2022-10-28 20:57:52,581 avocado.utils.process DEBUG| [stderr] No packages marked for removal.
[stdlog] 2022-10-28 20:57:52,588 avocado.utils.process DEBUG| [stdout] Dependencies resolved.
[stdlog] 2022-10-28 20:57:52,589 avocado.utils.process DEBUG| [stdout] Nothing to do.
[stdlog] 2022-10-28 20:57:52,589 avocado.utils.process DEBUG| [stdout] Complete!
[stdlog] 2022-10-28 20:57:52,941 avocado.utils.process INFO | Command 'yum erase  -y' finished with 0 after 0.644262558s
[stdlog] 2022-10-28 20:57:52,942 avocado.test ERROR| Traceback (most recent call last):
[stdlog] 2022-10-28 20:57:52,942 avocado.test ERROR|   File "/usr/local/lib/python3.6/site-packages/avocado/core/test.py", line 796, in _run_avocado
[stdlog]     raise test_exception
[stdlog] 2022-10-28 20:57:52,942 avocado.test ERROR|   File "/usr/local/lib/python3.6/site-packages/avocado/core/test.py", line 756, in _run_avocado
[stdlog]     testMethod()
[stdlog] 2022-10-28 20:57:52,942 avocado.test ERROR|   File "/root/GitRepo/anolis-pkg-tests/tests/system_base/util-linux/tc_ag_util-linux_chcpu_fun_002.py", line 27, in test
[stdlog]     ret_c,ret_o = self.cmd("chcpu -d 1-10")
[stdlog] 2022-10-28 20:57:52,942 avocado.test ERROR|   File "/root/GitRepo/anolis-pkg-tests/tests/common/basetest.py", line 54, in cmd
[stdlog]     return self.local.cmd(command, ignore_status=ignore_status)
[stdlog] 2022-10-28 20:57:52,942 avocado.test ERROR|   File "/root/GitRepo/anolis-pkg-tests/tests/common/hosts.py", line 45, in cmd
[stdlog]     result = process.run(command, ignore_status=ignore_status, shell=True)
[stdlog] 2022-10-28 20:57:52,942 avocado.test ERROR|   File "/usr/local/lib/python3.6/site-packages/avocado/utils/process.py", line 1015, in run
[stdlog]     raise CmdError(cmd, sp.result)
[stdlog] 2022-10-28 20:57:52,942 avocado.test ERROR| avocado.utils.process.CmdError: Command 'chcpu -d 1-10' failed.
[stdlog] stdout: b''
[stdlog] stderr: b'chcpu: CPU 1 does not exist\nchcpu: CPU 2 does not exist\nchcpu: CPU 3 does not exist\nchcpu: CPU 4 does not exist\nchcpu: CPU 5 does not exist\nchcpu: CPU 6 does not exist\nchcpu: CPU 7 does not exist\nchcpu: CPU 8 does not exist\nchcpu: CPU 9 does not exist\nchcpu: CPU 10 does not exist\n'
[stdlog] additional_info: None
[stdlog] 2022-10-28 20:57:52,942 avocado.test ERROR| ERROR 1-tests/system_base/util-linux/tc_ag_util-linux_chcpu_fun_002.py:Test.test -> CmdError: Command 'chcpu -d 1-10' failed.
[stdlog] stdout: b''
[stdlog] stderr: b'chcpu: CPU 1 does not exist\nchcpu: CPU 2 does not exist\nchcpu: CPU 3 does not exist\nchcpu: CPU 4 does not exist\nchcpu: CPU 5 does not exist\nchcpu: CPU 6 does not exist\nchcpu: CPU 7 does not exist\nchcpu: CPU 8 does not exist\nchcpu: CPU 9 does not exist\nchcpu: CPU 10 does not exist\n'
[stdlog] additional_info: None
[stdlog] 2022-10-28 20:57:52,942 avocado.test INFO | 
]]>		</system-out>
	</testcase>
	<testcase classname="&lt;unknown&gt;" name="022-tests/system_base/util-linux/tc_ag_util-linux_chrt_fun_001.py:Test.test" time="1.486"/>
	<testcase classname="&lt;unknown&gt;" name="023-tests/system_base/util-linux/tc_ag_util-linux_chrt_fun_002.py:Test.test" time="1.739"/>
	<testcase classname="&lt;unknown&gt;" name="024-tests/system_base/util-linux/tc_ag_util-linux_chrt_fun_003.py:Test.test" time="1.463"/>
	<testcase classname="&lt;unknown&gt;" name="025-tests/system_base/util-linux/tc_ag_util-linux_chrt_fun_004.py:Test.test" time="1.511"/>
	<testcase classname="&lt;unknown&gt;" name="026-tests/system_base/util-linux/tc_ag_util-linux_colrm_fun_001.py:Test.test" time="1.468"/>
	<testcase classname="&lt;unknown&gt;" name="027-tests/system_base/util-linux/tc_ag_util-linux_colrm_fun_002.py:Test.test" time="1.453"/>
	<testcase classname="&lt;unknown&gt;" name="028-tests/system_base/util-linux/tc_ag_util-linux_colrm_fun_003.py:Test.test" time="1.485"/>
	<testcase classname="&lt;unknown&gt;" name="029-tests/system_base/util-linux/tc_ag_util-linux_ctrlaltdel_fun_001.py:Test.test" time="1.412"/>
	<testcase classname="&lt;unknown&gt;" name="030-tests/system_base/util-linux/tc_ag_util-linux_ctrlaltdel_fun_002.py:Test.test" time="1.439"/>
	<testcase classname="&lt;unknown&gt;" name="031-tests/system_base/util-linux/tc_ag_util-linux_ctrlaltdel_fun_003.py:Test.test" time="1.485"/>
	<testcase classname="&lt;unknown&gt;" name="032-tests/system_base/util-linux/tc_ag_util-linux_dmesg_fun_001.py:Test.test" time="4.501"/>
	<testcase classname="&lt;unknown&gt;" name="033-tests/system_base/util-linux/tc_ag_util-linux_dmesg_fun_002.py:Test.test" time="4.548"/>
	<testcase classname="&lt;unknown&gt;" name="034-tests/system_base/util-linux/tc_ag_util-linux_dmesg_fun_003.py:Test.test" time="1.532"/>
	<testcase classname="&lt;unknown&gt;" name="035-tests/system_base/util-linux/tc_ag_util-linux_dmesg_fun_004.py:Test.test" time="1.493"/>
	<testcase classname="&lt;unknown&gt;" name="036-tests/system_base/util-linux/tc_ag_util-linux_dmesg_fun_005.py:Test.test" time="1.636"/>
	<testcase classname="&lt;unknown&gt;" name="037-tests/system_base/util-linux/tc_ag_util-linux_dmesg_fun_006.py:Test.test" time="4.546"/>
	<testcase classname="&lt;unknown&gt;" name="038-tests/system_base/util-linux/tc_ag_util-linux_dmesg_fun_007.py:Test.test" time="1.772"/>
	<testcase classname="&lt;unknown&gt;" name="039-tests/system_base/util-linux/tc_ag_util-linux_dmesg_fun_008.py:Test.test" time="4.532"/>
	<testcase classname="&lt;unknown&gt;" name="040-tests/system_base/util-linux/tc_ag_util-linux_eject_fun_001.py:Test.test" time="1.489"/>
	<testcase classname="&lt;unknown&gt;" name="041-tests/system_base/util-linux/tc_ag_util-linux_fallocate_fun_001.py:Test.test" time="1.648"/>
	<testcase classname="&lt;unknown&gt;" name="042-tests/system_base/util-linux/tc_ag_util-linux_fallocate_fun_002.py:Test.test" time="1.807"/>
	<testcase classname="&lt;unknown&gt;" name="043-tests/system_base/util-linux/tc_ag_util-linux_fallocate_fun_003.py:Test.test" time="1.761"/>
	<testcase classname="&lt;unknown&gt;" name="044-tests/system_base/util-linux/tc_ag_util-linux_fdisk_fun_001.py:Test.test" time="1.706"/>
	<testcase classname="&lt;unknown&gt;" name="045-tests/system_base/util-linux/tc_ag_util-linux_fdisk_fun_002.py:Test.test" time="1.893">
		<failure message="False is not true : All space for primary partitions is in use" type="&lt;unknown&gt;">
<![CDATA[<unknown>]]>		</failure>
		<system-out>
<![CDATA[[stdlog] 2022-10-28 20:58:57,201 avocado.test INFO | INIT 1-tests/system_base/util-linux/tc_ag_util-linux_fdisk_fun_002.py:Test.test
[stdlog] 2022-10-28 20:58:57,202 avocado.test DEBUG| PARAMS (key=timeout, path=*, default=None) => None
[stdlog] 2022-10-28 20:58:57,202 avocado.test DEBUG| Test metadata:
[stdlog] 2022-10-28 20:58:57,202 avocado.test DEBUG|   filename: /root/GitRepo/anolis-pkg-tests/tests/system_base/util-linux/tc_ag_util-linux_fdisk_fun_002.py
[stdlog] 2022-10-28 20:58:57,202 avocado.test DEBUG|   teststmpdir: /var/tmp/avocado_cmoau920
[stdlog] 2022-10-28 20:58:57,202 avocado.test INFO | START 1-tests/system_base/util-linux/tc_ag_util-linux_fdisk_fun_002.py:Test.test
[stdlog] 2022-10-28 20:58:57,202 avocado.test INFO | setup
[stdlog] 2022-10-28 20:58:57,202 avocado.test DEBUG| PARAMS (key=remote, path=*, default=None) => None
[stdlog] 2022-10-28 20:58:57,202 avocado.utils.process INFO | Running 'rpm -q util-linux'
[stdlog] 2022-10-28 20:58:57,211 avocado.utils.process DEBUG| [stdout] util-linux-2.32.1-35.0.1.an8.x86_64
[stdlog] 2022-10-28 20:58:57,212 avocado.utils.process INFO | Command 'rpm -q util-linux' finished with 0 after 0.008526128s
[stdlog] 2022-10-28 20:58:57,212 avocado.utils.process INFO | Running 'yum update util-linux -y'
[stdlog] 2022-10-28 20:58:57,506 avocado.utils.process DEBUG| [stdout] Last metadata expiration check: 2:41:25 ago on Fri 28 Oct 2022 06:17:32 PM CST.
[stdlog] 2022-10-28 20:58:57,774 avocado.utils.process DEBUG| [stdout] Dependencies resolved.
[stdlog] 2022-10-28 20:58:57,775 avocado.utils.process DEBUG| [stdout] Nothing to do.
[stdlog] 2022-10-28 20:58:57,776 avocado.utils.process DEBUG| [stdout] Complete!
[stdlog] 2022-10-28 20:58:58,110 avocado.utils.process INFO | Command 'yum update util-linux -y' finished with 0 after 0.897316996s
[stdlog] 2022-10-28 20:58:58,110 avocado.utils.process INFO | Running 'fdisk -l |head -1 |awk -F " " '{printf $2}''
[stdlog] 2022-10-28 20:58:58,339 avocado.utils.process DEBUG| [stdout] /dev/sda:
[stdlog] 2022-10-28 20:58:58,340 avocado.utils.process INFO | Command 'fdisk -l |head -1 |awk -F " " '{printf $2}'' finished with 0 after 0.228290245s
[stdlog] 2022-10-28 20:58:58,493 avocado.test ERROR| 
[stdlog] 2022-10-28 20:58:58,494 avocado.test ERROR| Reproduced traceback from: /usr/local/lib/python3.6/site-packages/avocado/core/test.py:761
[stdlog] 2022-10-28 20:58:58,495 avocado.test ERROR| Traceback (most recent call last):
[stdlog] 2022-10-28 20:58:58,495 avocado.test ERROR|   File "/root/GitRepo/anolis-pkg-tests/tests/system_base/util-linux/tc_ag_util-linux_fdisk_fun_002.py", line 33, in test
[stdlog] 2022-10-28 20:58:58,495 avocado.test ERROR|     self.assertTrue(self.index is 0, 'All space for primary partitions is in use')
[stdlog] 2022-10-28 20:58:58,495 avocado.test ERROR|   File "/usr/lib64/python3.6/unittest/case.py", line 699, in assertTrue
[stdlog] 2022-10-28 20:58:58,495 avocado.test ERROR|     raise self.failureException(msg)
[stdlog] 2022-10-28 20:58:58,495 avocado.test ERROR| AssertionError: False is not true : All space for primary partitions is in use
[stdlog] 2022-10-28 20:58:58,495 avocado.test ERROR| 
[stdlog] 2022-10-28 20:58:58,495 avocado.test DEBUG| Local variables:
[stdlog] 2022-10-28 20:58:58,507 avocado.test DEBUG|  -> self <class 'tc_ag_util-linux_fdisk_fun_002.Test'>: 1-tests/system_base/util-linux/tc_ag_util-linux_fdisk_fun_002.py:Test.test
[stdlog] 2022-10-28 20:58:58,507 avocado.test INFO | teardown
[stdlog] 2022-10-28 20:58:58,507 avocado.utils.process INFO | Running 'yum erase  -y'
[stdlog] 2022-10-28 20:58:58,783 avocado.utils.process DEBUG| [stderr] No packages marked for removal.
[stdlog] 2022-10-28 20:58:58,789 avocado.utils.process DEBUG| [stdout] Dependencies resolved.
[stdlog] 2022-10-28 20:58:58,790 avocado.utils.process DEBUG| [stdout] Nothing to do.
[stdlog] 2022-10-28 20:58:58,791 avocado.utils.process DEBUG| [stdout] Complete!
[stdlog] 2022-10-28 20:58:59,084 avocado.utils.process INFO | Command 'yum erase  -y' finished with 0 after 0.575756540s
[stdlog] 2022-10-28 20:58:59,084 avocado.test ERROR| FAIL 1-tests/system_base/util-linux/tc_ag_util-linux_fdisk_fun_002.py:Test.test -> AssertionError: False is not true : All space for primary partitions is in use
[stdlog] 2022-10-28 20:58:59,084 avocado.test INFO | 
]]>		</system-out>
	</testcase>
	<testcase classname="&lt;unknown&gt;" name="046-tests/system_base/util-linux/tc_ag_util-linux_findfs_fun_001.py:Test.test" time="1.429"/>
	<testcase classname="&lt;unknown&gt;" name="047-tests/system_base/util-linux/tc_ag_util-linux_findfs_fun_002.py:Test.test" time="1.839"/>
	<testcase classname="&lt;unknown&gt;" name="048-tests/system_base/util-linux/tc_ag_util-linux_findfs_fun_003.py:Test.test" time="1.816">
		<error message="Command 'findfs PARTLABEL={{partition_label}}' failed.
stdout: b''
stderr: b&quot;findfs: unable to resolve 'PARTLABEL={{partition_label}}'\n&quot;
additional_info: None" type="&lt;unknown&gt;">
<![CDATA[<unknown>]]>		</error>
		<system-out>
<![CDATA[[stdlog] 2022-10-28 20:59:03,047 avocado.test INFO | INIT 1-tests/system_base/util-linux/tc_ag_util-linux_findfs_fun_003.py:Test.test
[stdlog] 2022-10-28 20:59:03,048 avocado.test DEBUG| PARAMS (key=timeout, path=*, default=None) => None
[stdlog] 2022-10-28 20:59:03,048 avocado.test DEBUG| Test metadata:
[stdlog] 2022-10-28 20:59:03,048 avocado.test DEBUG|   filename: /root/GitRepo/anolis-pkg-tests/tests/system_base/util-linux/tc_ag_util-linux_findfs_fun_003.py
[stdlog] 2022-10-28 20:59:03,048 avocado.test DEBUG|   teststmpdir: /var/tmp/avocado_cmoau920
[stdlog] 2022-10-28 20:59:03,048 avocado.test INFO | START 1-tests/system_base/util-linux/tc_ag_util-linux_findfs_fun_003.py:Test.test
[stdlog] 2022-10-28 20:59:03,048 avocado.test INFO | setup
[stdlog] 2022-10-28 20:59:03,049 avocado.test DEBUG| PARAMS (key=remote, path=*, default=None) => None
[stdlog] 2022-10-28 20:59:03,049 avocado.utils.process INFO | Running 'rpm -q util-linux'
[stdlog] 2022-10-28 20:59:03,056 avocado.utils.process DEBUG| [stdout] util-linux-2.32.1-35.0.1.an8.x86_64
[stdlog] 2022-10-28 20:59:03,057 avocado.utils.process INFO | Command 'rpm -q util-linux' finished with 0 after 0.007163684s
[stdlog] 2022-10-28 20:59:03,057 avocado.utils.process INFO | Running 'yum update util-linux -y'
[stdlog] 2022-10-28 20:59:03,335 avocado.utils.process DEBUG| [stdout] Last metadata expiration check: 2:41:31 ago on Fri 28 Oct 2022 06:17:32 PM CST.
[stdlog] 2022-10-28 20:59:03,615 avocado.utils.process DEBUG| [stdout] Dependencies resolved.
[stdlog] 2022-10-28 20:59:03,616 avocado.utils.process DEBUG| [stdout] Nothing to do.
[stdlog] 2022-10-28 20:59:03,616 avocado.utils.process DEBUG| [stdout] Complete!
[stdlog] 2022-10-28 20:59:03,949 avocado.utils.process INFO | Command 'yum update util-linux -y' finished with 0 after 0.891665907s
[stdlog] 2022-10-28 20:59:03,950 avocado.utils.process INFO | Running 'findfs PARTLABEL={{partition_label}}'
[stdlog] 2022-10-28 20:59:04,178 avocado.utils.process DEBUG| [stderr] findfs: unable to resolve 'PARTLABEL={{partition_label}}'
[stdlog] 2022-10-28 20:59:04,178 avocado.utils.process INFO | Command 'findfs PARTLABEL={{partition_label}}' finished with 1 after 0.227769591s
[stdlog] 2022-10-28 20:59:04,179 avocado.test ERROR| 
[stdlog] 2022-10-28 20:59:04,179 avocado.test ERROR| Reproduced traceback from: /usr/local/lib/python3.6/site-packages/avocado/core/test.py:761
[stdlog] 2022-10-28 20:59:04,179 avocado.test ERROR| Traceback (most recent call last):
[stdlog] 2022-10-28 20:59:04,179 avocado.test ERROR|   File "/root/GitRepo/anolis-pkg-tests/tests/system_base/util-linux/tc_ag_util-linux_findfs_fun_003.py", line 27, in test
[stdlog] 2022-10-28 20:59:04,179 avocado.test ERROR|     ret_c, ret_o = self.cmd("findfs PARTLABEL={{partition_label}}")
[stdlog] 2022-10-28 20:59:04,179 avocado.test ERROR|   File "/root/GitRepo/anolis-pkg-tests/tests/common/basetest.py", line 54, in cmd
[stdlog] 2022-10-28 20:59:04,179 avocado.test ERROR|     return self.local.cmd(command, ignore_status=ignore_status)
[stdlog] 2022-10-28 20:59:04,179 avocado.test ERROR|   File "/root/GitRepo/anolis-pkg-tests/tests/common/hosts.py", line 45, in cmd
[stdlog] 2022-10-28 20:59:04,179 avocado.test ERROR|     result = process.run(command, ignore_status=ignore_status, shell=True)
[stdlog] 2022-10-28 20:59:04,179 avocado.test ERROR|   File "/usr/local/lib/python3.6/site-packages/avocado/utils/process.py", line 1015, in run
[stdlog] 2022-10-28 20:59:04,179 avocado.test ERROR|     raise CmdError(cmd, sp.result)
[stdlog] 2022-10-28 20:59:04,179 avocado.test ERROR| avocado.utils.process.CmdError: Command 'findfs PARTLABEL={{partition_label}}' failed.
[stdlog] 2022-10-28 20:59:04,179 avocado.test ERROR| stdout: b''
[stdlog] 2022-10-28 20:59:04,179 avocado.test ERROR| stderr: b"findfs: unable to resolve 'PARTLABEL={{partition_label}}'\n"
[stdlog] 2022-10-28 20:59:04,180 avocado.test ERROR| additional_info: None
[stdlog] 2022-10-28 20:59:04,180 avocado.test ERROR| 
[stdlog] 2022-10-28 20:59:04,180 avocado.test DEBUG| Local variables:
[stdlog] 2022-10-28 20:59:04,191 avocado.test DEBUG|  -> self <class 'tc_ag_util-linux_findfs_fun_003.Test'>: 1-tests/system_base/util-linux/tc_ag_util-linux_findfs_fun_003.py:Test.test
[stdlog] 2022-10-28 20:59:04,191 avocado.test INFO | teardown
[stdlog] 2022-10-28 20:59:04,191 avocado.utils.process INFO | Running 'yum erase  -y'
[stdlog] 2022-10-28 20:59:04,473 avocado.utils.process DEBUG| [stderr] No packages marked for removal.
[stdlog] 2022-10-28 20:59:04,480 avocado.utils.process DEBUG| [stdout] Dependencies resolved.
[stdlog] 2022-10-28 20:59:04,481 avocado.utils.process DEBUG| [stdout] Nothing to do.
[stdlog] 2022-10-28 20:59:04,481 avocado.utils.process DEBUG| [stdout] Complete!
[stdlog] 2022-10-28 20:59:04,855 avocado.utils.process INFO | Command 'yum erase  -y' finished with 0 after 0.661870668s
[stdlog] 2022-10-28 20:59:04,856 avocado.test ERROR| Traceback (most recent call last):
[stdlog] 2022-10-28 20:59:04,856 avocado.test ERROR|   File "/usr/local/lib/python3.6/site-packages/avocado/core/test.py", line 796, in _run_avocado
[stdlog]     raise test_exception
[stdlog] 2022-10-28 20:59:04,856 avocado.test ERROR|   File "/usr/local/lib/python3.6/site-packages/avocado/core/test.py", line 756, in _run_avocado
[stdlog]     testMethod()
[stdlog] 2022-10-28 20:59:04,856 avocado.test ERROR|   File "/root/GitRepo/anolis-pkg-tests/tests/system_base/util-linux/tc_ag_util-linux_findfs_fun_003.py", line 27, in test
[stdlog]     ret_c, ret_o = self.cmd("findfs PARTLABEL={{partition_label}}")
[stdlog] 2022-10-28 20:59:04,856 avocado.test ERROR|   File "/root/GitRepo/anolis-pkg-tests/tests/common/basetest.py", line 54, in cmd
[stdlog]     return self.local.cmd(command, ignore_status=ignore_status)
[stdlog] 2022-10-28 20:59:04,856 avocado.test ERROR|   File "/root/GitRepo/anolis-pkg-tests/tests/common/hosts.py", line 45, in cmd
[stdlog]     result = process.run(command, ignore_status=ignore_status, shell=True)
[stdlog] 2022-10-28 20:59:04,856 avocado.test ERROR|   File "/usr/local/lib/python3.6/site-packages/avocado/utils/process.py", line 1015, in run
[stdlog]     raise CmdError(cmd, sp.result)
[stdlog] 2022-10-28 20:59:04,856 avocado.test ERROR| avocado.utils.process.CmdError: Command 'findfs PARTLABEL={{partition_label}}' failed.
[stdlog] stdout: b''
[stdlog] stderr: b"findfs: unable to resolve 'PARTLABEL={{partition_label}}'\n"
[stdlog] additional_info: None
[stdlog] 2022-10-28 20:59:04,856 avocado.test ERROR| ERROR 1-tests/system_base/util-linux/tc_ag_util-linux_findfs_fun_003.py:Test.test -> CmdError: Command 'findfs PARTLABEL={{partition_label}}' failed.
[stdlog] stdout: b''
[stdlog] stderr: b"findfs: unable to resolve 'PARTLABEL={{partition_label}}'\n"
[stdlog] additional_info: None
[stdlog] 2022-10-28 20:59:04,856 avocado.test INFO | 
]]>		</system-out>
	</testcase>
	<testcase classname="&lt;unknown&gt;" name="049-tests/system_base/util-linux/tc_ag_util-linux_findfs_fun_004.py:Test.test" time="1.829"/>
	<testcase classname="&lt;unknown&gt;" name="050-tests/system_base/util-linux/tc_ag_util-linux_findmnt_fun_001.py:Test.test" time="1.438"/>
	<testcase classname="&lt;unknown&gt;" name="051-tests/system_base/util-linux/tc_ag_util-linux_findmnt_fun_002.py:Test.test" time="1.452"/>
	<testcase classname="&lt;unknown&gt;" name="052-tests/system_base/util-linux/tc_ag_util-linux_findmnt_fun_003.py:Test.test" time="1.483"/>
	<testcase classname="&lt;unknown&gt;" name="053-tests/system_base/util-linux/tc_ag_util-linux_findmnt_fun_004.py:Test.test" time="1.438"/>
	<testcase classname="&lt;unknown&gt;" name="054-tests/system_base/util-linux/tc_ag_util-linux_findmnt_fun_005.py:Test.test" time="1.721">
		<error message="Command 'findmnt LABEL=/' failed.
stdout: b''
stderr: b''
additional_info: None" type="&lt;unknown&gt;">
<![CDATA[<unknown>]]>		</error>
		<system-out>
<![CDATA[[stdlog] 2022-10-28 20:59:14,230 avocado.test INFO | INIT 1-tests/system_base/util-linux/tc_ag_util-linux_findmnt_fun_005.py:Test.test
[stdlog] 2022-10-28 20:59:14,231 avocado.test DEBUG| PARAMS (key=timeout, path=*, default=None) => None
[stdlog] 2022-10-28 20:59:14,231 avocado.test DEBUG| Test metadata:
[stdlog] 2022-10-28 20:59:14,231 avocado.test DEBUG|   filename: /root/GitRepo/anolis-pkg-tests/tests/system_base/util-linux/tc_ag_util-linux_findmnt_fun_005.py
[stdlog] 2022-10-28 20:59:14,231 avocado.test DEBUG|   teststmpdir: /var/tmp/avocado_cmoau920
[stdlog] 2022-10-28 20:59:14,231 avocado.test INFO | START 1-tests/system_base/util-linux/tc_ag_util-linux_findmnt_fun_005.py:Test.test
[stdlog] 2022-10-28 20:59:14,231 avocado.test INFO | setup
[stdlog] 2022-10-28 20:59:14,231 avocado.test DEBUG| PARAMS (key=remote, path=*, default=None) => None
[stdlog] 2022-10-28 20:59:14,232 avocado.utils.process INFO | Running 'rpm -q util-linux'
[stdlog] 2022-10-28 20:59:14,239 avocado.utils.process DEBUG| [stdout] util-linux-2.32.1-35.0.1.an8.x86_64
[stdlog] 2022-10-28 20:59:14,240 avocado.utils.process INFO | Command 'rpm -q util-linux' finished with 0 after 0.007155298s
[stdlog] 2022-10-28 20:59:14,240 avocado.utils.process INFO | Running 'yum update util-linux -y'
[stdlog] 2022-10-28 20:59:14,525 avocado.utils.process DEBUG| [stdout] Last metadata expiration check: 2:41:42 ago on Fri 28 Oct 2022 06:17:32 PM CST.
[stdlog] 2022-10-28 20:59:14,793 avocado.utils.process DEBUG| [stdout] Dependencies resolved.
[stdlog] 2022-10-28 20:59:14,794 avocado.utils.process DEBUG| [stdout] Nothing to do.
[stdlog] 2022-10-28 20:59:14,794 avocado.utils.process DEBUG| [stdout] Complete!
[stdlog] 2022-10-28 20:59:15,092 avocado.utils.process INFO | Command 'yum update util-linux -y' finished with 0 after 0.851833790s
[stdlog] 2022-10-28 20:59:15,093 avocado.utils.process INFO | Running 'findmnt LABEL=/'
[stdlog] 2022-10-28 20:59:15,321 avocado.utils.process INFO | Command 'findmnt LABEL=/' finished with 1 after 0.227583040s
[stdlog] 2022-10-28 20:59:15,321 avocado.test ERROR| 
[stdlog] 2022-10-28 20:59:15,322 avocado.test ERROR| Reproduced traceback from: /usr/local/lib/python3.6/site-packages/avocado/core/test.py:761
[stdlog] 2022-10-28 20:59:15,322 avocado.test ERROR| Traceback (most recent call last):
[stdlog] 2022-10-28 20:59:15,322 avocado.test ERROR|   File "/root/GitRepo/anolis-pkg-tests/tests/system_base/util-linux/tc_ag_util-linux_findmnt_fun_005.py", line 27, in test
[stdlog] 2022-10-28 20:59:15,322 avocado.test ERROR|     ret_c, ret_o = self.cmd("findmnt LABEL=/")
[stdlog] 2022-10-28 20:59:15,322 avocado.test ERROR|   File "/root/GitRepo/anolis-pkg-tests/tests/common/basetest.py", line 54, in cmd
[stdlog] 2022-10-28 20:59:15,322 avocado.test ERROR|     return self.local.cmd(command, ignore_status=ignore_status)
[stdlog] 2022-10-28 20:59:15,322 avocado.test ERROR|   File "/root/GitRepo/anolis-pkg-tests/tests/common/hosts.py", line 45, in cmd
[stdlog] 2022-10-28 20:59:15,322 avocado.test ERROR|     result = process.run(command, ignore_status=ignore_status, shell=True)
[stdlog] 2022-10-28 20:59:15,322 avocado.test ERROR|   File "/usr/local/lib/python3.6/site-packages/avocado/utils/process.py", line 1015, in run
[stdlog] 2022-10-28 20:59:15,322 avocado.test ERROR|     raise CmdError(cmd, sp.result)
[stdlog] 2022-10-28 20:59:15,322 avocado.test ERROR| avocado.utils.process.CmdError: Command 'findmnt LABEL=/' failed.
[stdlog] 2022-10-28 20:59:15,322 avocado.test ERROR| stdout: b''
[stdlog] 2022-10-28 20:59:15,322 avocado.test ERROR| stderr: b''
[stdlog] 2022-10-28 20:59:15,322 avocado.test ERROR| additional_info: None
[stdlog] 2022-10-28 20:59:15,323 avocado.test ERROR| 
[stdlog] 2022-10-28 20:59:15,323 avocado.test DEBUG| Local variables:
[stdlog] 2022-10-28 20:59:15,334 avocado.test DEBUG|  -> self <class 'tc_ag_util-linux_findmnt_fun_005.Test'>: 1-tests/system_base/util-linux/tc_ag_util-linux_findmnt_fun_005.py:Test.test
[stdlog] 2022-10-28 20:59:15,334 avocado.test INFO | teardown
[stdlog] 2022-10-28 20:59:15,334 avocado.utils.process INFO | Running 'yum erase  -y'
[stdlog] 2022-10-28 20:59:15,613 avocado.utils.process DEBUG| [stderr] No packages marked for removal.
[stdlog] 2022-10-28 20:59:15,620 avocado.utils.process DEBUG| [stdout] Dependencies resolved.
[stdlog] 2022-10-28 20:59:15,621 avocado.utils.process DEBUG| [stdout] Nothing to do.
[stdlog] 2022-10-28 20:59:15,621 avocado.utils.process DEBUG| [stdout] Complete!
[stdlog] 2022-10-28 20:59:15,943 avocado.utils.process INFO | Command 'yum erase  -y' finished with 0 after 0.606702281s
[stdlog] 2022-10-28 20:59:15,944 avocado.test ERROR| Traceback (most recent call last):
[stdlog] 2022-10-28 20:59:15,944 avocado.test ERROR|   File "/usr/local/lib/python3.6/site-packages/avocado/core/test.py", line 796, in _run_avocado
[stdlog]     raise test_exception
[stdlog] 2022-10-28 20:59:15,944 avocado.test ERROR|   File "/usr/local/lib/python3.6/site-packages/avocado/core/test.py", line 756, in _run_avocado
[stdlog]     testMethod()
[stdlog] 2022-10-28 20:59:15,944 avocado.test ERROR|   File "/root/GitRepo/anolis-pkg-tests/tests/system_base/util-linux/tc_ag_util-linux_findmnt_fun_005.py", line 27, in test
[stdlog]     ret_c, ret_o = self.cmd("findmnt LABEL=/")
[stdlog] 2022-10-28 20:59:15,944 avocado.test ERROR|   File "/root/GitRepo/anolis-pkg-tests/tests/common/basetest.py", line 54, in cmd
[stdlog]     return self.local.cmd(command, ignore_status=ignore_status)
[stdlog] 2022-10-28 20:59:15,944 avocado.test ERROR|   File "/root/GitRepo/anolis-pkg-tests/tests/common/hosts.py", line 45, in cmd
[stdlog]     result = process.run(command, ignore_status=ignore_status, shell=True)
[stdlog] 2022-10-28 20:59:15,944 avocado.test ERROR|   File "/usr/local/lib/python3.6/site-packages/avocado/utils/process.py", line 1015, in run
[stdlog]     raise CmdError(cmd, sp.result)
[stdlog] 2022-10-28 20:59:15,944 avocado.test ERROR| avocado.utils.process.CmdError: Command 'findmnt LABEL=/' failed.
[stdlog] stdout: b''
[stdlog] stderr: b''
[stdlog] additional_info: None
[stdlog] 2022-10-28 20:59:15,944 avocado.test ERROR| ERROR 1-tests/system_base/util-linux/tc_ag_util-linux_findmnt_fun_005.py:Test.test -> CmdError: Command 'findmnt LABEL=/' failed.
[stdlog] stdout: b''
[stdlog] stderr: b''
[stdlog] additional_info: None
[stdlog] 2022-10-28 20:59:15,944 avocado.test INFO | 
]]>		</system-out>
	</testcase>
	<testcase classname="&lt;unknown&gt;" name="055-tests/system_base/util-linux/tc_ag_util-linux_flock_fun_001.py:Test.test" time="12.547"/>
	<testcase classname="&lt;unknown&gt;" name="056-tests/system_base/util-linux/tc_ag_util-linux_flock_fun_002.py:Test.test" time="1.462">
		<failure message="False is not true : check output error." type="&lt;unknown&gt;">
<![CDATA[<unknown>]]>		</failure>
		<system-out>
<![CDATA[[stdlog] 2022-10-28 20:59:29,074 avocado.test INFO | INIT 1-tests/system_base/util-linux/tc_ag_util-linux_flock_fun_002.py:Test.test
[stdlog] 2022-10-28 20:59:29,074 avocado.test DEBUG| PARAMS (key=timeout, path=*, default=None) => None
[stdlog] 2022-10-28 20:59:29,075 avocado.test DEBUG| Test metadata:
[stdlog] 2022-10-28 20:59:29,075 avocado.test DEBUG|   filename: /root/GitRepo/anolis-pkg-tests/tests/system_base/util-linux/tc_ag_util-linux_flock_fun_002.py
[stdlog] 2022-10-28 20:59:29,075 avocado.test DEBUG|   teststmpdir: /var/tmp/avocado_cmoau920
[stdlog] 2022-10-28 20:59:29,075 avocado.test INFO | START 1-tests/system_base/util-linux/tc_ag_util-linux_flock_fun_002.py:Test.test
[stdlog] 2022-10-28 20:59:29,075 avocado.test INFO | setup
[stdlog] 2022-10-28 20:59:29,075 avocado.test DEBUG| PARAMS (key=remote, path=*, default=None) => None
[stdlog] 2022-10-28 20:59:29,075 avocado.utils.process INFO | Running 'rpm -q util-linux'
[stdlog] 2022-10-28 20:59:29,083 avocado.utils.process DEBUG| [stdout] util-linux-2.32.1-35.0.1.an8.x86_64
[stdlog] 2022-10-28 20:59:29,083 avocado.utils.process INFO | Command 'rpm -q util-linux' finished with 0 after 0.007219250s
[stdlog] 2022-10-28 20:59:29,084 avocado.utils.process INFO | Running 'yum update util-linux -y'
[stdlog] 2022-10-28 20:59:29,362 avocado.utils.process DEBUG| [stdout] Last metadata expiration check: 2:41:57 ago on Fri 28 Oct 2022 06:17:32 PM CST.
[stdlog] 2022-10-28 20:59:29,641 avocado.utils.process DEBUG| [stdout] Dependencies resolved.
[stdlog] 2022-10-28 20:59:29,642 avocado.utils.process DEBUG| [stdout] Nothing to do.
[stdlog] 2022-10-28 20:59:29,642 avocado.utils.process DEBUG| [stdout] Complete!
[stdlog] 2022-10-28 20:59:29,931 avocado.utils.process INFO | Command 'yum update util-linux -y' finished with 0 after 0.846958591s
[stdlog] 2022-10-28 20:59:29,935 avocado.utils.process INFO | Running 'ps -ef |grep 'sleep 10' |grep -v grep |wc -l'
[stdlog] 2022-10-28 20:59:29,946 avocado.utils.process DEBUG| [stdout] 4
[stdlog] 2022-10-28 20:59:29,946 avocado.utils.process INFO | Command 'ps -ef |grep 'sleep 10' |grep -v grep |wc -l' finished with 0 after 0.009688885s
[stdlog] 2022-10-28 20:59:29,947 avocado.test ERROR| 
[stdlog] 2022-10-28 20:59:29,947 avocado.test ERROR| Reproduced traceback from: /usr/local/lib/python3.6/site-packages/avocado/core/test.py:761
[stdlog] 2022-10-28 20:59:29,947 avocado.test ERROR| Traceback (most recent call last):
[stdlog] 2022-10-28 20:59:29,947 avocado.test ERROR|   File "/root/GitRepo/anolis-pkg-tests/tests/system_base/util-linux/tc_ag_util-linux_flock_fun_002.py", line 31, in test
[stdlog] 2022-10-28 20:59:29,947 avocado.test ERROR|     self.assertTrue("2" == ret_o, 'check output error.')
[stdlog] 2022-10-28 20:59:29,947 avocado.test ERROR|   File "/usr/lib64/python3.6/unittest/case.py", line 699, in assertTrue
[stdlog] 2022-10-28 20:59:29,947 avocado.test ERROR|     raise self.failureException(msg)
[stdlog] 2022-10-28 20:59:29,947 avocado.test ERROR| AssertionError: False is not true : check output error.
[stdlog] 2022-10-28 20:59:29,947 avocado.test ERROR| 
[stdlog] 2022-10-28 20:59:29,947 avocado.test DEBUG| Local variables:
[stdlog] 2022-10-28 20:59:29,959 avocado.test DEBUG|  -> ret_o <class 'str'>: 4
[stdlog] 2022-10-28 20:59:29,959 avocado.test DEBUG|  -> ret_c <class 'int'>: 0
[stdlog] 2022-10-28 20:59:29,959 avocado.test DEBUG|  -> self <class 'tc_ag_util-linux_flock_fun_002.Test'>: 1-tests/system_base/util-linux/tc_ag_util-linux_flock_fun_002.py:Test.test
[stdlog] 2022-10-28 20:59:29,959 avocado.test INFO | teardown
[stdlog] 2022-10-28 20:59:29,959 avocado.utils.process INFO | Running 'yum erase  -y'
[stdlog] 2022-10-28 20:59:30,235 avocado.utils.process DEBUG| [stderr] No packages marked for removal.
[stdlog] 2022-10-28 20:59:30,242 avocado.utils.process DEBUG| [stdout] Dependencies resolved.
[stdlog] 2022-10-28 20:59:30,243 avocado.utils.process DEBUG| [stdout] Nothing to do.
[stdlog] 2022-10-28 20:59:30,243 avocado.utils.process DEBUG| [stdout] Complete!
[stdlog] 2022-10-28 20:59:30,526 avocado.utils.process INFO | Command 'yum erase  -y' finished with 0 after 0.565699322s
[stdlog] 2022-10-28 20:59:30,526 avocado.utils.process INFO | Running 'rm -rf test.lock'
[stdlog] 2022-10-28 20:59:30,528 avocado.utils.process INFO | Command 'rm -rf test.lock' finished with 0 after 0.001280628s
[stdlog] 2022-10-28 20:59:30,529 avocado.test ERROR| FAIL 1-tests/system_base/util-linux/tc_ag_util-linux_flock_fun_002.py:Test.test -> AssertionError: False is not true : check output error.
[stdlog] 2022-10-28 20:59:30,529 avocado.test INFO | 
]]>		</system-out>
	</testcase>
	<testcase classname="&lt;unknown&gt;" name="057-tests/system_base/util-linux/tc_ag_util-linux_flock_fun_003.py:Test.test" time="1.476"/>
	<testcase classname="&lt;unknown&gt;" name="058-tests/system_base/util-linux/tc_ag_util-linux_fsck_fun_001.py:Test.test" time="2.679"/>
	<testcase classname="&lt;unknown&gt;" name="059-tests/system_base/util-linux/tc_ag_util-linux_fsck_fun_002.py:Test.test" time="2.447"/>
	<testcase classname="&lt;unknown&gt;" name="060-tests/system_base/util-linux/tc_ag_util-linux_fsck_fun_003.py:Test.test" time="46.519"/>
	<testcase classname="&lt;unknown&gt;" name="061-tests/system_base/util-linux/tc_ag_util-linux_fstrim_fun_001.py:Test.test" time="1.490"/>
	<testcase classname="&lt;unknown&gt;" name="062-tests/system_base/util-linux/tc_ag_util-linux_fstrim_fun_002.py:Test.test" time="1.906">
		<error message="Command 'fstrim /' failed.
stdout: b''
stderr: b'fstrim: /: the discard operation is not supported\n'
additional_info: None" type="&lt;unknown&gt;">
<![CDATA[<unknown>]]>		</error>
		<system-out>
<![CDATA[[stdlog] 2022-10-28 21:00:26,939 avocado.test INFO | INIT 1-tests/system_base/util-linux/tc_ag_util-linux_fstrim_fun_002.py:Test.test
[stdlog] 2022-10-28 21:00:26,940 avocado.test DEBUG| PARAMS (key=timeout, path=*, default=None) => None
[stdlog] 2022-10-28 21:00:26,940 avocado.test DEBUG| Test metadata:
[stdlog] 2022-10-28 21:00:26,940 avocado.test DEBUG|   filename: /root/GitRepo/anolis-pkg-tests/tests/system_base/util-linux/tc_ag_util-linux_fstrim_fun_002.py
[stdlog] 2022-10-28 21:00:26,940 avocado.test DEBUG|   teststmpdir: /var/tmp/avocado_cmoau920
[stdlog] 2022-10-28 21:00:26,941 avocado.test INFO | START 1-tests/system_base/util-linux/tc_ag_util-linux_fstrim_fun_002.py:Test.test
[stdlog] 2022-10-28 21:00:26,941 avocado.test INFO | setup
[stdlog] 2022-10-28 21:00:26,941 avocado.test DEBUG| PARAMS (key=remote, path=*, default=None) => None
[stdlog] 2022-10-28 21:00:26,941 avocado.utils.process INFO | Running 'rpm -q util-linux'
[stdlog] 2022-10-28 21:00:26,949 avocado.utils.process DEBUG| [stdout] util-linux-2.32.1-35.0.1.an8.x86_64
[...]
[stderr]     instance = loader.load_test(test_factory)
[stderr]   File "/usr/local/lib/python3.6/site-packages/avocado/core/utils/loader.py", line 51, in load_test
[stderr]     return TestError(**test_parameters)
[stderr]   File "/usr/local/lib/python3.6/site-packages/avocado/core/utils/loader.py", line 17, in __init__
[stderr]     test.Test.__init__(self, *args, **kwargs)
[stderr] TypeError: __init__() got an unexpected keyword argument 'run.results_dir'
]]>		</system-out>
	</testcase>
	<testcase classname="&lt;unknown&gt;" name="221-tests/system_base/util-linux/tc_ag_util-linux_wdctl_fun_003.py:Test.test" time="0.004">
		<error message="__init__() got an unexpected keyword argument 'run.results_dir'" type="&lt;unknown&gt;">
<![CDATA[<unknown>]]>		</error>
		<system-out>
<![CDATA[[stderr] Traceback (most recent call last):
[stderr]   File "/usr/local/lib/python3.6/site-packages/avocado/core/utils/loader.py", line 43, in load_test
[stderr]     f, p, d = imp.find_module(module_name, [test_module_dir])
[stderr]   File "/usr/lib64/python3.6/imp.py", line 297, in find_module
[stderr]     raise ImportError(_ERR_MSG.format(name), name=name)
[stderr] ImportError: No module named 'tc_ag_util-linux_wdctl_fun_003'
[stderr] 
[stderr] During handling of the above exception, another exception occurred:
[stderr] 
[stderr] Traceback (most recent call last):
[stderr]   File "/usr/local/lib/python3.6/site-packages/avocado/core/runners/avocado_instrumented.py", line 73, in _run_avocado
[stderr]     instance = loader.load_test(test_factory)
[stderr]   File "/usr/local/lib/python3.6/site-packages/avocado/core/utils/loader.py", line 51, in load_test
[stderr]     return TestError(**test_parameters)
[stderr]   File "/usr/local/lib/python3.6/site-packages/avocado/core/utils/loader.py", line 17, in __init__
[stderr]     test.Test.__init__(self, *args, **kwargs)
[stderr] TypeError: __init__() got an unexpected keyword argument 'run.results_dir'
]]>		</system-out>
	</testcase>
	<testcase classname="&lt;unknown&gt;" name="222-tests/system_base/util-linux/tc_ag_util-linux_wipefs_fun_001.py:Test.test" time="0.004">
		<error message="__init__() got an unexpected keyword argument 'run.results_dir'" type="&lt;unknown&gt;">
<![CDATA[<unknown>]]>		</error>
		<system-out>
<![CDATA[[stderr] Traceback (most recent call last):
[stderr]   File "/usr/local/lib/python3.6/site-packages/avocado/core/utils/loader.py", line 43, in load_test
[stderr]     f, p, d = imp.find_module(module_name, [test_module_dir])
[stderr]   File "/usr/lib64/python3.6/imp.py", line 297, in find_module
[stderr]     raise ImportError(_ERR_MSG.format(name), name=name)
[stderr] ImportError: No module named 'tc_ag_util-linux_wipefs_fun_001'
[stderr] 
[stderr] During handling of the above exception, another exception occurred:
[stderr] 
[stderr] Traceback (most recent call last):
[stderr]   File "/usr/local/lib/python3.6/site-packages/avocado/core/runners/avocado_instrumented.py", line 73, in _run_avocado
[stderr]     instance = loader.load_test(test_factory)
[stderr]   File "/usr/local/lib/python3.6/site-packages/avocado/core/utils/loader.py", line 51, in load_test
[stderr]     return TestError(**test_parameters)
[stderr]   File "/usr/local/lib/python3.6/site-packages/avocado/core/utils/loader.py", line 17, in __init__
[stderr]     test.Test.__init__(self, *args, **kwargs)
[stderr] TypeError: __init__() got an unexpected keyword argument 'run.results_dir'
]]>		</system-out>
	</testcase>
	<testcase classname="&lt;unknown&gt;" name="223-tests/system_base/util-linux/tc_ag_util-linux_wipefs_fun_002.py:Test.test" time="0.004">
		<error message="__init__() got an unexpected keyword argument 'run.results_dir'" type="&lt;unknown&gt;">
<![CDATA[<unknown>]]>		</error>
		<system-out>
<![CDATA[[stderr] Traceback (most recent call last):
[stderr]   File "/usr/local/lib/python3.6/site-packages/avocado/core/utils/loader.py", line 43, in load_test
[stderr]     f, p, d = imp.find_module(module_name, [test_module_dir])
[stderr]   File "/usr/lib64/python3.6/imp.py", line 297, in find_module
[stderr]     raise ImportError(_ERR_MSG.format(name), name=name)
[stderr] ImportError: No module named 'tc_ag_util-linux_wipefs_fun_002'
[stderr] 
[stderr] During handling of the above exception, another exception occurred:
[stderr] 
[stderr] Traceback (most recent call last):
[stderr]   File "/usr/local/lib/python3.6/site-packages/avocado/core/runners/avocado_instrumented.py", line 73, in _run_avocado
[stderr]     instance = loader.load_test(test_factory)
[stderr]   File "/usr/local/lib/python3.6/site-packages/avocado/core/utils/loader.py", line 51, in load_test
[stderr]     return TestError(**test_parameters)
[stderr]   File "/usr/local/lib/python3.6/site-packages/avocado/core/utils/loader.py", line 17, in __init__
[stderr]     test.Test.__init__(self, *args, **kwargs)
[stderr] TypeError: __init__() got an unexpected keyword argument 'run.results_dir'
]]>		</system-out>
	</testcase>
	<testcase classname="&lt;unknown&gt;" name="224-tests/system_base/util-linux/tc_ag_util-linux_wipefs_fun_003.py:Test.test" time="0.004">
		<error message="__init__() got an unexpected keyword argument 'run.results_dir'" type="&lt;unknown&gt;">
<![CDATA[<unknown>]]>		</error>
		<system-out>
<![CDATA[[stderr] Traceback (most recent call last):
[stderr]   File "/usr/local/lib/python3.6/site-packages/avocado/core/utils/loader.py", line 43, in load_test
[stderr]     f, p, d = imp.find_module(module_name, [test_module_dir])
[stderr]   File "/usr/lib64/python3.6/imp.py", line 297, in find_module
[stderr]     raise ImportError(_ERR_MSG.format(name), name=name)
[stderr] ImportError: No module named 'tc_ag_util-linux_wipefs_fun_003'
[stderr] 
[stderr] During handling of the above exception, another exception occurred:
[stderr] 
[stderr] Traceback (most recent call last):
[stderr]   File "/usr/local/lib/python3.6/site-packages/avocado/core/runners/avocado_instrumented.py", line 73, in _run_avocado
[stderr]     instance = loader.load_test(test_factory)
[stderr]   File "/usr/local/lib/python3.6/site-packages/avocado/core/utils/loader.py", line 51, in load_test
[stderr]     return TestError(**test_parameters)
[stderr]   File "/usr/local/lib/python3.6/site-packages/avocado/core/utils/loader.py", line 17, in __init__
[stderr]     test.Test.__init__(self, *args, **kwargs)
[stderr] TypeError: __init__() got an unexpected keyword argument 'run.results_dir'
]]>		</system-out>
	</testcase>
	<testcase classname="&lt;unknown&gt;" name="225-tests/system_base/util-linux/tc_ag_util-linux_wipefs_fun_004.py:Test.test" time="0.004">
		<error message="__init__() got an unexpected keyword argument 'run.results_dir'" type="&lt;unknown&gt;">
<![CDATA[<unknown>]]>		</error>
		<system-out>
<![CDATA[[stderr] Traceback (most recent call last):
[stderr]   File "/usr/local/lib/python3.6/site-packages/avocado/core/utils/loader.py", line 43, in load_test
[stderr]     f, p, d = imp.find_module(module_name, [test_module_dir])
[stderr]   File "/usr/lib64/python3.6/imp.py", line 297, in find_module
[stderr]     raise ImportError(_ERR_MSG.format(name), name=name)
[stderr] ImportError: No module named 'tc_ag_util-linux_wipefs_fun_004'
[stderr] 
[stderr] During handling of the above exception, another exception occurred:
[stderr] 
[stderr] Traceback (most recent call last):
[stderr]   File "/usr/local/lib/python3.6/site-packages/avocado/core/runners/avocado_instrumented.py", line 73, in _run_avocado
[stderr]     instance = loader.load_test(test_factory)
[stderr]   File "/usr/local/lib/python3.6/site-packages/avocado/core/utils/loader.py", line 51, in load_test
[stderr]     return TestError(**test_parameters)
[stderr]   File "/usr/local/lib/python3.6/site-packages/avocado/core/utils/loader.py", line 17, in __init__
[stderr]     test.Test.__init__(self, *args, **kwargs)
[stderr] TypeError: __init__() got an unexpected keyword argument 'run.results_dir'
]]>		</system-out>
	</testcase>
	<testcase classname="&lt;unknown&gt;" name="226-tests/system_base/util-linux/tc_ag_util-linux_zramctl_fun_001.py:Test.test" time="0.004">
		<error message="__init__() got an unexpected keyword argument 'run.results_dir'" type="&lt;unknown&gt;">
<![CDATA[<unknown>]]>		</error>
		<system-out>
<![CDATA[[stderr] Traceback (most recent call last):
[stderr]   File "/usr/local/lib/python3.6/site-packages/avocado/core/utils/loader.py", line 43, in load_test
[stderr]     f, p, d = imp.find_module(module_name, [test_module_dir])
[stderr]   File "/usr/lib64/python3.6/imp.py", line 297, in find_module
[stderr]     raise ImportError(_ERR_MSG.format(name), name=name)
[stderr] ImportError: No module named 'tc_ag_util-linux_zramctl_fun_001'
[stderr] 
[stderr] During handling of the above exception, another exception occurred:
[stderr] 
[stderr] Traceback (most recent call last):
[stderr]   File "/usr/local/lib/python3.6/site-packages/avocado/core/runners/avocado_instrumented.py", line 73, in _run_avocado
[stderr]     instance = loader.load_test(test_factory)
[stderr]   File "/usr/local/lib/python3.6/site-packages/avocado/core/utils/loader.py", line 51, in load_test
[stderr]     return TestError(**test_parameters)
[stderr]   File "/usr/local/lib/python3.6/site-packages/avocado/core/utils/loader.py", line 17, in __init__
[stderr]     test.Test.__init__(self, *args, **kwargs)
[stderr] TypeError: __init__() got an unexpected keyword argument 'run.results_dir'
]]>		</system-out>
	</testcase>
	<testcase classname="&lt;unknown&gt;" name="227-tests/system_base/util-linux/tc_ag_util-linux_zramctl_fun_002.py:Test.test" time="0.004">
		<error message="__init__() got an unexpected keyword argument 'run.results_dir'" type="&lt;unknown&gt;">
<![CDATA[<unknown>]]>		</error>
		<system-out>
<![CDATA[[stderr] Traceback (most recent call last):
[stderr]   File "/usr/local/lib/python3.6/site-packages/avocado/core/utils/loader.py", line 43, in load_test
[stderr]     f, p, d = imp.find_module(module_name, [test_module_dir])
[stderr]   File "/usr/lib64/python3.6/imp.py", line 297, in find_module
[stderr]     raise ImportError(_ERR_MSG.format(name), name=name)
[stderr] ImportError: No module named 'tc_ag_util-linux_zramctl_fun_002'
[stderr] 
[stderr] During handling of the above exception, another exception occurred:
[stderr] 
[stderr] Traceback (most recent call last):
[stderr]   File "/usr/local/lib/python3.6/site-packages/avocado/core/runners/avocado_instrumented.py", line 73, in _run_avocado
[stderr]     instance = loader.load_test(test_factory)
[stderr]   File "/usr/local/lib/python3.6/site-packages/avocado/core/utils/loader.py", line 51, in load_test
[stderr]     return TestError(**test_parameters)
[stderr]   File "/usr/local/lib/python3.6/site-packages/avocado/core/utils/loader.py", line 17, in __init__
[stderr]     test.Test.__init__(self, *args, **kwargs)
[stderr] TypeError: __init__() got an unexpected keyword argument 'run.results_dir'
]]>		</system-out>
	</testcase>
	<testcase classname="&lt;unknown&gt;" name="228-tests/system_base/util-linux/tc_ag_util-linux_zramctl_fun_003.py:Test.test" time="0.004">
		<error message="__init__() got an unexpected keyword argument 'run.results_dir'" type="&lt;unknown&gt;">
<![CDATA[<unknown>]]>		</error>
		<system-out>
<![CDATA[[stderr] Traceback (most recent call last):
[stderr]   File "/usr/local/lib/python3.6/site-packages/avocado/core/utils/loader.py", line 43, in load_test
[stderr]     f, p, d = imp.find_module(module_name, [test_module_dir])
[stderr]   File "/usr/lib64/python3.6/imp.py", line 297, in find_module
[stderr]     raise ImportError(_ERR_MSG.format(name), name=name)
[stderr] ImportError: No module named 'tc_ag_util-linux_zramctl_fun_003'
[stderr] 
[stderr] During handling of the above exception, another exception occurred:
[stderr] 
[stderr] Traceback (most recent call last):
[stderr]   File "/usr/local/lib/python3.6/site-packages/avocado/core/runners/avocado_instrumented.py", line 73, in _run_avocado
[stderr]     instance = loader.load_test(test_factory)
[stderr]   File "/usr/local/lib/python3.6/site-packages/avocado/core/utils/loader.py", line 51, in load_test
[stderr]     return TestError(**test_parameters)
[stderr]   File "/usr/local/lib/python3.6/site-packages/avocado/core/utils/loader.py", line 17, in __init__
[stderr]     test.Test.__init__(self, *args, **kwargs)
[stderr] TypeError: __init__() got an unexpected keyword argument 'run.results_dir'
]]>		</system-out>
	</testcase>
	<testcase classname="&lt;unknown&gt;" name="229-tests/system_base/util-linux/tc_ag_util-linux_zramctl_fun_004.py:Test.test" time="0.004">
		<error message="__init__() got an unexpected keyword argument 'run.results_dir'" type="&lt;unknown&gt;">
<![CDATA[<unknown>]]>		</error>
		<system-out>
<![CDATA[[stderr] Traceback (most recent call last):
[stderr]   File "/usr/local/lib/python3.6/site-packages/avocado/core/utils/loader.py", line 43, in load_test
[stderr]     f, p, d = imp.find_module(module_name, [test_module_dir])
[stderr]   File "/usr/lib64/python3.6/imp.py", line 297, in find_module
[stderr]     raise ImportError(_ERR_MSG.format(name), name=name)
[stderr] ImportError: No module named 'tc_ag_util-linux_zramctl_fun_004'
[stderr] 
[stderr] During handling of the above exception, another exception occurred:
[stderr] 
[stderr] Traceback (most recent call last):
[stderr]   File "/usr/local/lib/python3.6/site-packages/avocado/core/runners/avocado_instrumented.py", line 73, in _run_avocado
[stderr]     instance = loader.load_test(test_factory)
[stderr]   File "/usr/local/lib/python3.6/site-packages/avocado/core/utils/loader.py", line 51, in load_test
[stderr]     return TestError(**test_parameters)
[stderr]   File "/usr/local/lib/python3.6/site-packages/avocado/core/utils/loader.py", line 17, in __init__
[stderr]     test.Test.__init__(self, *args, **kwargs)
[stderr] TypeError: __init__() got an unexpected keyword argument 'run.results_dir'
]]>		</system-out>
	</testcase>
	<testcase classname="&lt;unknown&gt;" name="230-tests/system_base/util-linux/tc_ag_util-linux_zramctl_fun_005.py:Test.test" time="0.004">
		<error message="__init__() got an unexpected keyword argument 'run.results_dir'" type="&lt;unknown&gt;">
<![CDATA[<unknown>]]>		</error>
		<system-out>
<![CDATA[[stderr] Traceback (most recent call last):
[stderr]   File "/usr/local/lib/python3.6/site-packages/avocado/core/utils/loader.py", line 43, in load_test
[stderr]     f, p, d = imp.find_module(module_name, [test_module_dir])
[stderr]   File "/usr/lib64/python3.6/imp.py", line 297, in find_module
[stderr]     raise ImportError(_ERR_MSG.format(name), name=name)
[stderr] ImportError: No module named 'tc_ag_util-linux_zramctl_fun_005'
[stderr] 
[stderr] During handling of the above exception, another exception occurred:
[stderr] 
[stderr] Traceback (most recent call last):
[stderr]   File "/usr/local/lib/python3.6/site-packages/avocado/core/runners/avocado_instrumented.py", line 73, in _run_avocado
[stderr]     instance = loader.load_test(test_factory)
[stderr]   File "/usr/local/lib/python3.6/site-packages/avocado/core/utils/loader.py", line 51, in load_test
[stderr]     return TestError(**test_parameters)
[stderr]   File "/usr/local/lib/python3.6/site-packages/avocado/core/utils/loader.py", line 17, in __init__
[stderr]     test.Test.__init__(self, *args, **kwargs)
[stderr] TypeError: __init__() got an unexpected keyword argument 'run.results_dir'
]]>		</system-out>
	</testcase>
	<testcase classname="&lt;unknown&gt;" name="231-tests/system_base/util-linux/tc_ag_uuidd_uuidd_fun_001.py:Test.test" time="0.004">
		<error message="__init__() got an unexpected keyword argument 'run.results_dir'" type="&lt;unknown&gt;">
<![CDATA[<unknown>]]>		</error>
		<system-out>
<![CDATA[[stderr] Traceback (most recent call last):
[stderr]   File "/usr/local/lib/python3.6/site-packages/avocado/core/utils/loader.py", line 43, in load_test
[stderr]     f, p, d = imp.find_module(module_name, [test_module_dir])
[stderr]   File "/usr/lib64/python3.6/imp.py", line 297, in find_module
[stderr]     raise ImportError(_ERR_MSG.format(name), name=name)
[stderr] ImportError: No module named 'tc_ag_uuidd_uuidd_fun_001'
[stderr] 
[stderr] During handling of the above exception, another exception occurred:
[stderr] 
[stderr] Traceback (most recent call last):
[stderr]   File "/usr/local/lib/python3.6/site-packages/avocado/core/runners/avocado_instrumented.py", line 73, in _run_avocado
[stderr]     instance = loader.load_test(test_factory)
[stderr]   File "/usr/local/lib/python3.6/site-packages/avocado/core/utils/loader.py", line 51, in load_test
[stderr]     return TestError(**test_parameters)
[stderr]   File "/usr/local/lib/python3.6/site-packages/avocado/core/utils/loader.py", line 17, in __init__
[stderr]     test.Test.__init__(self, *args, **kwargs)
[stderr] TypeError: __init__() got an unexpected keyword argument 'run.results_dir'
]]>		</system-out>
	</testcase>
	<testcase classname="&lt;unknown&gt;" name="232-tests/system_base/util-linux/tc_ag_uuidd_uuidd_fun_002.py:Test.test" time="0.004">
		<error message="__init__() got an unexpected keyword argument 'run.results_dir'" type="&lt;unknown&gt;">
<![CDATA[<unknown>]]>		</error>
		<system-out>
<![CDATA[[stderr] Traceback (most recent call last):
[stderr]   File "/usr/local/lib/python3.6/site-packages/avocado/core/utils/loader.py", line 43, in load_test
[stderr]     f, p, d = imp.find_module(module_name, [test_module_dir])
[stderr]   File "/usr/lib64/python3.6/imp.py", line 297, in find_module
[stderr]     raise ImportError(_ERR_MSG.format(name), name=name)
[stderr] ImportError: No module named 'tc_ag_uuidd_uuidd_fun_002'
[stderr] 
[stderr] During handling of the above exception, another exception occurred:
[stderr] 
[stderr] Traceback (most recent call last):
[stderr]   File "/usr/local/lib/python3.6/site-packages/avocado/core/runners/avocado_instrumented.py", line 73, in _run_avocado
[stderr]     instance = loader.load_test(test_factory)
[stderr]   File "/usr/local/lib/python3.6/site-packages/avocado/core/utils/loader.py", line 51, in load_test
[stderr]     return TestError(**test_parameters)
[stderr]   File "/usr/local/lib/python3.6/site-packages/avocado/core/utils/loader.py", line 17, in __init__
[stderr]     test.Test.__init__(self, *args, **kwargs)
[stderr] TypeError: __init__() got an unexpected keyword argument 'run.results_dir'
]]>		</system-out>
	</testcase>
	<testcase classname="&lt;unknown&gt;" name="233-tests/system_base/util-linux/tc_ag_uuidd_uuidd_fun_003.py:Test.test" time="0.004">
		<error message="__init__() got an unexpected keyword argument 'run.results_dir'" type="&lt;unknown&gt;">
<![CDATA[<unknown>]]>		</error>
		<system-out>
<![CDATA[[stderr] Traceback (most recent call last):
[stderr]   File "/usr/local/lib/python3.6/site-packages/avocado/core/utils/loader.py", line 43, in load_test
[stderr]     f, p, d = imp.find_module(module_name, [test_module_dir])
[stderr]   File "/usr/lib64/python3.6/imp.py", line 297, in find_module
[stderr]     raise ImportError(_ERR_MSG.format(name), name=name)
[stderr] ImportError: No module named 'tc_ag_uuidd_uuidd_fun_003'
[stderr] 
[stderr] During handling of the above exception, another exception occurred:
[stderr] 
[stderr] Traceback (most recent call last):
[stderr]   File "/usr/local/lib/python3.6/site-packages/avocado/core/runners/avocado_instrumented.py", line 73, in _run_avocado
[stderr]     instance = loader.load_test(test_factory)
[stderr]   File "/usr/local/lib/python3.6/site-packages/avocado/core/utils/loader.py", line 51, in load_test
[stderr]     return TestError(**test_parameters)
[stderr]   File "/usr/local/lib/python3.6/site-packages/avocado/core/utils/loader.py", line 17, in __init__
[stderr]     test.Test.__init__(self, *args, **kwargs)
[stderr] TypeError: __init__() got an unexpected keyword argument 'run.results_dir'
]]>		</system-out>
	</testcase>
</testsuite>
