+ source /root/mugen/libs/locallibs/common_lib.sh
++ python3 --version
++ '[' 0 -eq 0 ']'
++ source /root/mugen/libs/locallibs/common_lib_python.sh
+ main
++ type -t post_test
+ '[' -n function ']'
+ trap post_test EXIT INT HUP TERM
+ grep expect
+ rpm -qa
++ type -t config_params
+ '[' -n '' ']'
++ type -t pre_test
+ '[' -n function ']'
+ pre_test
+ LOG_INFO 'Start to prepare the database config.'
+ message='Start to prepare the database config.'
+ python3 /root/mugen/libs/locallibs/mugen_log.py --level info --message 'Start to prepare the database config.'
Fri Apr 28 21:55:49 2023 - INFO  - Start to prepare the database config.
+ DNF_INSTALL gcc
+ pkgs=gcc
+ node=1
+ '[' -z '' ']'
+ tmpfile=
++ python3 /root/mugen/libs/locallibs/rpm_manage.py install --pkgs gcc --node 1 --tempfile ''
Fri Apr 28 21:55:59 2023 - INFO  - pkgs:(gcc) is already installed
+ tmpfile2=
+ '[' -z '' ']'
+ tmpfile=
+ [[ ! -f ./open_direct_file ]]
+ make
In file included from /usr/include/bits/fcntl.h:62,
                 from /usr/include/fcntl.h:35,
                 from open_direct_file.c:5:
/usr/include/bits/fcntl-linux.h:354:11: fatal error: linux/falloc.h: No such file or directory
  354 | # include <linux/falloc.h>
      |           ^~~~~~~~~~~~~~~~
compilation terminated.
In file included from /usr/include/errno.h:28,
                 from open_sync_file.c:7:
/usr/include/bits/errno.h:26:11: fatal error: linux/errno.h: No such file or directory
   26 | # include <linux/errno.h>
      |           ^~~~~~~~~~~~~~~
compilation terminated.
make: *** [Makefile:4: default] Error 1
+ echo 'test read only file'
+ LOG_INFO 'End to prepare the database config.'
+ message='End to prepare the database config.'
+ python3 /root/mugen/libs/locallibs/mugen_log.py --level info --message 'End to prepare the database config.'
Fri Apr 28 21:56:01 2023 - INFO  - End to prepare the database config.
++ type -t run_test
+ '[' -n function ']'
+ run_test
+ LOG_INFO 'Start to run test.'
+ message='Start to run test.'
+ python3 /root/mugen/libs/locallibs/mugen_log.py --level info --message 'Start to run test.'
Fri Apr 28 21:56:02 2023 - INFO  - Start to run test.
++ echo test_direct_sync_file
++ ./open_direct_file
oe_test_FSIO_open_direct_file.sh: line 33: ./open_direct_file: No such file or directory
+ direct=
++ echo test_direct_sync_file
++ ./open_sync_file
oe_test_FSIO_open_direct_file.sh: line 34: ./open_sync_file: No such file or directory
+ sync=
+ [[ '' -ge '' ]]
+ CHECK_RESULT 0 0 0 'Direct read file is slower than sync.'
+ actual_result=0
+ expect_result=0
+ mode=0
+ error_log='Direct read file is slower than sync.'
+ exit_mode=0
+ '[' -z 0 ']'
+ '[' 0 -eq 0 ']'
+ test 0x '!=' 0x
+ return 0
+ LOG_INFO 'End to run test.'
+ message='End to run test.'
+ python3 /root/mugen/libs/locallibs/mugen_log.py --level info --message 'End to run test.'
Fri Apr 28 21:56:03 2023 - INFO  - End to run test.
+ CASE_RESULT 0
+ case_re=0
+ test -z ''
+ test 0 -eq 0
+ LOG_INFO 'succeed to execute the case.'
+ message='succeed to execute the case.'
+ python3 /root/mugen/libs/locallibs/mugen_log.py --level info --message 'succeed to execute the case.'
Fri Apr 28 21:56:04 2023 - INFO  - succeed to execute the case.
+ exec_result=
+ exit 0
+ post_test
+ LOG_INFO 'Start to restore the test environment.'
+ message='Start to restore the test environment.'
+ python3 /root/mugen/libs/locallibs/mugen_log.py --level info --message 'Start to restore the test environment.'
Fri Apr 28 21:56:05 2023 - INFO  - Start to restore the test environment.
+ DNF_REMOVE
+ node=1
+ pkg_list=
+ mode=0
+ [[ -z '' ]]
+ [[ -z '' ]]
+ LOG_WARN 'no thing to do.'
+ message='no thing to do.'
+ python3 /root/mugen/libs/locallibs/mugen_log.py --level warn --message 'no thing to do.'
Fri Apr 28 21:56:06 2023 - WARN  - no thing to do.
+ return 0
+ rm -f test_direct_sync_file
+ make clean
+ LOG_INFO 'End to restore the test environment.'
+ message='End to restore the test environment.'
+ python3 /root/mugen/libs/locallibs/mugen_log.py --level info --message 'End to restore the test environment.'
Fri Apr 28 21:56:07 2023 - INFO  - End to restore the test environment.
